TN:
SF:src\features\session-detail\SessionDetailPage.tsx
FN:16,SessionSummaryCard
FN:64,SessionStat
FN:73,SessionMatchesTable
FN:98,(anonymous_3)
FN:117,SessionCompareMetrics
FN:120,(anonymous_5)
FN:120,(anonymous_6)
FN:121,(anonymous_7)
FN:127,(anonymous_8)
FN:151,(anonymous_9)
FN:172,SessionDetailPage
FN:174,(anonymous_11)
FN:175,(anonymous_12)
FN:209,(anonymous_13)
FN:230,(anonymous_14)
FN:252,(anonymous_15)
FN:276,(anonymous_16)
FN:278,(anonymous_17)
FN:291,(anonymous_18)
FN:295,(anonymous_19)
FN:296,(anonymous_20)
FN:307,(anonymous_21)
FN:307,(anonymous_22)
FN:375,formatNumber
FN:382,formatPercent
FN:389,parseDelta
FN:397,formatShortDateTime
FN:410,matchOutcomeLabel
FN:420,matchOutcomeTone
FNF:29
FNH:23
FNDA:4,SessionSummaryCard
FNDA:16,SessionStat
FNDA:3,SessionMatchesTable
FNDA:3,(anonymous_3)
FNDA:1,SessionCompareMetrics
FNDA:4,(anonymous_5)
FNDA:4,(anonymous_6)
FNDA:4,(anonymous_7)
FNDA:1,(anonymous_8)
FNDA:1,(anonymous_9)
FNDA:11,SessionDetailPage
FNDA:33,(anonymous_11)
FNDA:33,(anonymous_12)
FNDA:0,(anonymous_13)
FNDA:0,(anonymous_14)
FNDA:1,(anonymous_15)
FNDA:0,(anonymous_16)
FNDA:6,(anonymous_17)
FNDA:0,(anonymous_18)
FNDA:6,(anonymous_19)
FNDA:3,(anonymous_20)
FNDA:0,(anonymous_21)
FNDA:0,(anonymous_22)
FNDA:11,formatNumber
FNDA:3,formatPercent
FNDA:1,parseDelta
FNDA:3,formatShortDateTime
FNDA:3,matchOutcomeLabel
FNDA:3,matchOutcomeTone
DA:25,4
DA:27,4
DA:28,0
DA:43,4
DA:65,16
DA:74,3
DA:75,0
DA:83,3
DA:99,3
DA:118,1
DA:119,1
DA:120,4
DA:121,4
DA:123,1
DA:128,1
DA:152,1
DA:173,11
DA:174,33
DA:175,33
DA:177,11
DA:178,11
DA:179,11
DA:181,11
DA:195,11
DA:196,6
DA:203,5
DA:204,1
DA:209,0
DA:218,4
DA:219,0
DA:230,0
DA:237,4
DA:239,11
DA:240,11
DA:241,11
DA:243,11
DA:253,1
DA:254,1
DA:276,0
DA:279,6
DA:291,0
DA:295,6
DA:297,3
DA:307,0
DA:376,11
DA:377,0
DA:379,11
DA:383,3
DA:384,0
DA:386,3
DA:390,1
DA:391,0
DA:393,1
DA:394,1
DA:398,3
DA:399,3
DA:400,0
DA:402,3
DA:411,3
DA:412,3
DA:414,0
DA:415,0
DA:417,0
DA:421,3
DA:422,3
DA:424,0
DA:425,0
DA:427,0
LF:68
LH:50
BRDA:25,0,0,3
BRDA:25,0,1,1
BRDA:27,1,0,0
BRDA:27,1,1,4
BRDA:51,2,0,4
BRDA:51,2,1,4
BRDA:74,3,0,0
BRDA:74,3,1,3
BRDA:101,4,0,3
BRDA:101,4,1,0
BRDA:102,5,0,3
BRDA:102,5,1,0
BRDA:125,6,0,1
BRDA:125,6,1,0
BRDA:139,7,0,1
BRDA:139,7,1,0
BRDA:156,8,0,1
BRDA:156,8,1,0
BRDA:185,9,0,11
BRDA:185,9,1,11
BRDA:186,10,0,11
BRDA:186,10,1,9
BRDA:195,11,0,6
BRDA:195,11,1,5
BRDA:203,12,0,1
BRDA:203,12,1,4
BRDA:218,13,0,0
BRDA:218,13,1,4
BRDA:237,14,0,4
BRDA:237,14,1,4
BRDA:237,14,2,1
BRDA:239,15,0,11
BRDA:239,15,1,3
BRDA:239,15,2,3
BRDA:239,15,3,1
BRDA:249,16,0,2
BRDA:249,16,1,2
BRDA:249,17,0,11
BRDA:249,17,1,3
BRDA:253,18,0,1
BRDA:253,18,1,0
BRDA:264,19,0,3
BRDA:264,19,1,1
BRDA:306,20,0,1
BRDA:306,20,1,2
BRDA:309,21,0,1
BRDA:309,21,1,2
BRDA:315,22,0,3
BRDA:315,22,1,0
BRDA:330,23,0,1
BRDA:330,23,1,2
BRDA:330,24,0,3
BRDA:330,24,1,1
BRDA:332,25,0,1
BRDA:332,25,1,2
BRDA:332,26,0,3
BRDA:332,26,1,1
BRDA:337,27,0,1
BRDA:337,27,1,2
BRDA:343,28,0,1
BRDA:343,28,1,0
BRDA:376,29,0,0
BRDA:376,29,1,11
BRDA:383,30,0,0
BRDA:383,30,1,3
BRDA:390,31,0,0
BRDA:390,31,1,1
BRDA:394,32,0,0
BRDA:394,32,1,1
BRDA:399,33,0,0
BRDA:399,33,1,3
BRDA:411,34,0,3
BRDA:411,34,1,0
BRDA:414,35,0,0
BRDA:414,35,1,0
BRDA:421,36,0,3
BRDA:421,36,1,0
BRDA:424,37,0,0
BRDA:424,37,1,0
BRF:79
BRH:57
end_of_record
