mode: set
levelup/go-api/internal/analysis/citations.go:27.25,30.29 2 1
levelup/go-api/internal/analysis/citations.go:30.29,32.3 1 1
levelup/go-api/internal/analysis/citations.go:34.2,35.30 2 1
levelup/go-api/internal/analysis/citations.go:35.30,36.19 1 1
levelup/go-api/internal/analysis/citations.go:36.19,37.12 1 1
levelup/go-api/internal/analysis/citations.go:39.3,40.10 2 1
levelup/go-api/internal/analysis/citations.go:40.10,48.12 2 1
levelup/go-api/internal/analysis/citations.go:50.3,57.5 1 1
levelup/go-api/internal/analysis/citations.go:61.2,61.40 1 1
levelup/go-api/internal/analysis/citations.go:61.40,62.45 1 1
levelup/go-api/internal/analysis/citations.go:62.45,64.4 1 1
levelup/go-api/internal/analysis/citations.go:65.3,65.41 1 1
levelup/go-api/internal/analysis/citations.go:67.2,67.14 1 1
levelup/go-api/internal/analysis/citations.go:71.62,74.29 3 1
levelup/go-api/internal/analysis/citations.go:74.29,75.27 1 1
levelup/go-api/internal/analysis/citations.go:75.27,78.4 2 1
levelup/go-api/internal/analysis/citations.go:80.2,81.13 2 1
levelup/go-api/internal/analysis/citations.go:92.29,95.32 2 1
levelup/go-api/internal/analysis/citations.go:95.32,97.3 1 1
levelup/go-api/internal/analysis/citations.go:99.2,100.31 2 1
levelup/go-api/internal/analysis/citations.go:100.31,101.25 1 1
levelup/go-api/internal/analysis/citations.go:101.25,102.12 1 0
levelup/go-api/internal/analysis/citations.go:104.3,105.10 2 1
levelup/go-api/internal/analysis/citations.go:105.10,112.12 2 1
levelup/go-api/internal/analysis/citations.go:114.3,120.5 1 1
levelup/go-api/internal/analysis/citations.go:124.2,124.40 1 1
levelup/go-api/internal/analysis/citations.go:124.40,125.45 1 1
levelup/go-api/internal/analysis/citations.go:125.45,127.4 1 1
levelup/go-api/internal/analysis/citations.go:128.3,128.41 1 0
levelup/go-api/internal/analysis/citations.go:130.2,130.14 1 1
levelup/go-api/internal/analysis/citations.go:134.98,135.21 1 1
levelup/go-api/internal/analysis/citations.go:135.21,137.3 1 1
levelup/go-api/internal/analysis/citations.go:140.2,142.29 3 1
levelup/go-api/internal/analysis/citations.go:142.29,144.17 2 1
levelup/go-api/internal/analysis/citations.go:144.17,147.4 2 1
levelup/go-api/internal/analysis/citations.go:150.2,151.31 2 1
levelup/go-api/internal/analysis/citations.go:151.31,154.3 2 1
levelup/go-api/internal/analysis/citations.go:156.2,156.29 1 1
levelup/go-api/internal/analysis/citations.go:156.29,161.3 4 1
levelup/go-api/internal/analysis/citations.go:163.2,164.31 2 1
levelup/go-api/internal/analysis/citations.go:164.31,167.3 2 1
levelup/go-api/internal/analysis/citations.go:168.2,168.15 1 1
levelup/go-api/internal/analysis/home.go:46.65,47.23 1 1
levelup/go-api/internal/analysis/home.go:47.23,49.3 1 1
levelup/go-api/internal/analysis/home.go:50.2,54.28 4 1
levelup/go-api/internal/analysis/home.go:54.28,55.34 1 1
levelup/go-api/internal/analysis/home.go:55.34,57.4 1 1
levelup/go-api/internal/analysis/home.go:57.9,57.42 1 1
levelup/go-api/internal/analysis/home.go:57.42,59.4 1 1
levelup/go-api/internal/analysis/home.go:60.3,60.21 1 1
levelup/go-api/internal/analysis/home.go:60.21,63.4 2 1
levelup/go-api/internal/analysis/home.go:64.3,64.24 1 1
levelup/go-api/internal/analysis/home.go:64.24,67.4 2 1
levelup/go-api/internal/analysis/home.go:70.2,77.20 3 1
levelup/go-api/internal/analysis/home.go:77.20,80.3 2 1
levelup/go-api/internal/analysis/home.go:81.2,81.18 1 1
levelup/go-api/internal/analysis/home.go:81.18,84.3 2 1
levelup/go-api/internal/analysis/home.go:85.2,85.13 1 1
levelup/go-api/internal/analysis/home.go:94.80,95.29 1 1
levelup/go-api/internal/analysis/home.go:95.29,97.3 1 1
levelup/go-api/internal/analysis/home.go:99.2,101.20 3 1
levelup/go-api/internal/analysis/home.go:101.20,103.3 1 0
levelup/go-api/internal/analysis/home.go:105.2,108.34 3 1
levelup/go-api/internal/analysis/home.go:108.34,111.3 2 1
levelup/go-api/internal/analysis/home.go:113.2,114.34 2 1
levelup/go-api/internal/analysis/home.go:114.34,117.3 2 0
levelup/go-api/internal/analysis/home.go:119.2,124.14 5 1
levelup/go-api/internal/analysis/home.go:132.88,136.2 3 1
levelup/go-api/internal/analysis/home.go:143.76,144.23 1 1
levelup/go-api/internal/analysis/home.go:144.23,146.3 1 0
levelup/go-api/internal/analysis/home.go:147.2,151.22 3 1
levelup/go-api/internal/analysis/home.go:151.22,153.3 1 1
levelup/go-api/internal/analysis/home.go:154.2,155.38 2 1
levelup/go-api/internal/analysis/home.go:155.38,161.3 1 1
levelup/go-api/internal/analysis/home.go:164.2,165.45 2 1
levelup/go-api/internal/analysis/home.go:165.45,167.28 2 1
levelup/go-api/internal/analysis/home.go:167.28,169.4 1 0
levelup/go-api/internal/analysis/home.go:170.3,172.32 3 1
levelup/go-api/internal/analysis/home.go:172.32,174.17 2 1
levelup/go-api/internal/analysis/home.go:174.17,176.5 1 0
levelup/go-api/internal/analysis/home.go:178.3,182.5 1 1
levelup/go-api/internal/analysis/home.go:186.2,186.25 1 1
levelup/go-api/internal/analysis/home.go:186.25,188.23 2 1
levelup/go-api/internal/analysis/home.go:188.23,190.4 1 1
levelup/go-api/internal/analysis/home.go:191.3,193.30 3 1
levelup/go-api/internal/analysis/home.go:193.30,195.4 1 1
levelup/go-api/internal/analysis/home.go:196.3,200.5 1 1
levelup/go-api/internal/analysis/home.go:203.2,203.25 1 1
levelup/go-api/internal/analysis/home.go:203.25,205.3 1 0
levelup/go-api/internal/analysis/home.go:206.2,206.19 1 1
levelup/go-api/internal/analysis/home.go:214.92,215.23 1 1
levelup/go-api/internal/analysis/home.go:215.23,217.3 1 1
levelup/go-api/internal/analysis/home.go:218.2,218.26 1 1
levelup/go-api/internal/analysis/home.go:218.26,220.3 1 1
levelup/go-api/internal/analysis/home.go:221.2,222.28 2 1
levelup/go-api/internal/analysis/home.go:222.28,223.22 1 1
levelup/go-api/internal/analysis/home.go:223.22,224.12 1 0
levelup/go-api/internal/analysis/home.go:226.3,229.21 4 1
levelup/go-api/internal/analysis/home.go:229.21,231.4 1 1
levelup/go-api/internal/analysis/home.go:232.3,233.24 2 1
levelup/go-api/internal/analysis/home.go:233.24,235.4 1 1
levelup/go-api/internal/analysis/home.go:236.3,244.5 2 1
levelup/go-api/internal/analysis/home.go:246.2,246.14 1 1
levelup/go-api/internal/analysis/home.go:258.30,259.45 1 1
levelup/go-api/internal/analysis/home.go:259.45,261.3 1 0
levelup/go-api/internal/analysis/home.go:264.2,265.29 2 1
levelup/go-api/internal/analysis/home.go:265.29,266.60 1 1
levelup/go-api/internal/analysis/home.go:266.60,268.4 1 1
levelup/go-api/internal/analysis/home.go:270.2,270.24 1 1
levelup/go-api/internal/analysis/home.go:270.24,272.3 1 0
levelup/go-api/internal/analysis/home.go:275.2,276.23 2 1
levelup/go-api/internal/analysis/home.go:276.23,278.3 1 0
levelup/go-api/internal/analysis/home.go:281.2,282.29 2 1
levelup/go-api/internal/analysis/home.go:282.29,283.62 1 1
levelup/go-api/internal/analysis/home.go:283.62,285.4 1 1
levelup/go-api/internal/analysis/home.go:287.2,287.26 1 1
levelup/go-api/internal/analysis/home.go:287.26,289.3 1 0
levelup/go-api/internal/analysis/home.go:292.2,293.28 2 1
levelup/go-api/internal/analysis/home.go:293.28,294.28 1 1
levelup/go-api/internal/analysis/home.go:294.28,296.4 1 1
levelup/go-api/internal/analysis/home.go:298.2,298.30 1 1
levelup/go-api/internal/analysis/home.go:298.30,300.3 1 0
levelup/go-api/internal/analysis/home.go:302.2,310.68 3 1
levelup/go-api/internal/analysis/home.go:310.68,312.3 1 1
levelup/go-api/internal/analysis/home.go:313.2,313.13 1 1
levelup/go-api/internal/analysis/home.go:321.88,322.21 1 1
levelup/go-api/internal/analysis/home.go:322.21,324.3 1 1
levelup/go-api/internal/analysis/home.go:325.2,325.24 1 1
levelup/go-api/internal/analysis/home.go:325.24,327.3 1 1
levelup/go-api/internal/analysis/home.go:328.2,329.26 2 1
levelup/go-api/internal/analysis/home.go:329.26,330.23 1 1
levelup/go-api/internal/analysis/home.go:330.23,331.12 1 1
levelup/go-api/internal/analysis/home.go:333.3,337.5 1 1
levelup/go-api/internal/analysis/home.go:339.2,339.14 1 1
levelup/go-api/internal/analysis/home.go:346.32,346.64 1 1
levelup/go-api/internal/analysis/home.go:347.32,347.66 1 1
levelup/go-api/internal/analysis/home.go:348.32,348.68 1 1
levelup/go-api/internal/analysis/home.go:349.32,349.70 1 1
levelup/go-api/internal/analysis/home.go:351.56,353.28 2 1
levelup/go-api/internal/analysis/home.go:353.28,354.21 1 1
levelup/go-api/internal/analysis/home.go:354.21,357.4 2 1
levelup/go-api/internal/analysis/home.go:359.2,359.16 1 1
levelup/go-api/internal/analysis/home.go:359.16,361.3 1 1
levelup/go-api/internal/analysis/home.go:362.2,363.11 2 1
levelup/go-api/internal/analysis/home.go:366.59,368.28 2 1
levelup/go-api/internal/analysis/home.go:368.28,369.24 1 1
levelup/go-api/internal/analysis/home.go:369.24,372.4 2 1
levelup/go-api/internal/analysis/home.go:374.2,374.16 1 1
levelup/go-api/internal/analysis/home.go:374.16,376.3 1 1
levelup/go-api/internal/analysis/home.go:377.2,378.11 2 1
levelup/go-api/internal/analysis/home.go:381.53,382.23 1 1
levelup/go-api/internal/analysis/home.go:382.23,384.3 1 1
levelup/go-api/internal/analysis/home.go:385.2,386.28 2 1
levelup/go-api/internal/analysis/home.go:386.28,387.34 1 1
levelup/go-api/internal/analysis/home.go:387.34,389.4 1 1
levelup/go-api/internal/analysis/home.go:391.2,391.46 1 1
levelup/go-api/internal/analysis/home.go:394.73,396.25 2 1
levelup/go-api/internal/analysis/home.go:396.25,397.30 1 1
levelup/go-api/internal/analysis/home.go:397.30,398.12 1 1
levelup/go-api/internal/analysis/home.go:400.3,400.53 1 1
levelup/go-api/internal/analysis/home.go:400.53,402.4 1 1
levelup/go-api/internal/analysis/home.go:404.2,404.13 1 1
levelup/go-api/internal/analysis/home.go:407.36,408.42 1 1
levelup/go-api/internal/analysis/home.go:408.42,410.3 1 1
levelup/go-api/internal/analysis/home.go:411.2,411.14 1 1
levelup/go-api/internal/analysis/home.go:414.35,415.41 1 1
levelup/go-api/internal/analysis/home.go:415.41,417.3 1 1
levelup/go-api/internal/analysis/home.go:418.2,418.14 1 1
levelup/go-api/internal/analysis/home.go:421.66,425.41 3 1
levelup/go-api/internal/analysis/home.go:425.41,426.33 1 1
levelup/go-api/internal/analysis/home.go:426.33,428.4 1 0
levelup/go-api/internal/analysis/home.go:429.3,429.33 1 1
levelup/go-api/internal/analysis/home.go:429.33,431.4 1 0
levelup/go-api/internal/analysis/home.go:432.3,432.57 1 1
levelup/go-api/internal/analysis/home.go:434.2,434.27 1 1
levelup/go-api/internal/analysis/home.go:434.27,435.53 1 1
levelup/go-api/internal/analysis/home.go:435.53,437.4 1 1
levelup/go-api/internal/analysis/home.go:439.2,439.11 1 1
levelup/go-api/internal/analysis/home.go:442.66,444.25 2 1
levelup/go-api/internal/analysis/home.go:444.25,446.45 2 1
levelup/go-api/internal/analysis/home.go:446.45,448.4 1 1
levelup/go-api/internal/analysis/home.go:450.2,450.17 1 1
levelup/go-api/internal/analysis/kill_attribution.go:24.56,25.28 1 1
levelup/go-api/internal/analysis/kill_attribution.go:25.28,27.3 1 1
levelup/go-api/internal/analysis/kill_attribution.go:28.2,28.20 1 1
levelup/go-api/internal/analysis/killer_victim.go:47.78,48.21 1 1
levelup/go-api/internal/analysis/killer_victim.go:48.21,50.3 1 1
levelup/go-api/internal/analysis/killer_victim.go:52.2,58.27 3 1
levelup/go-api/internal/analysis/killer_victim.go:58.27,59.22 1 1
levelup/go-api/internal/analysis/killer_victim.go:60.15,61.50 1 1
levelup/go-api/internal/analysis/killer_victim.go:62.16,63.52 1 1
levelup/go-api/internal/analysis/killer_victim.go:67.2,67.41 1 1
levelup/go-api/internal/analysis/killer_victim.go:67.41,69.3 1 1
levelup/go-api/internal/analysis/killer_victim.go:72.2,72.40 1 1
levelup/go-api/internal/analysis/killer_victim.go:72.40,72.74 1 1
levelup/go-api/internal/analysis/killer_victim.go:73.2,73.41 1 1
levelup/go-api/internal/analysis/killer_victim.go:73.41,73.77 1 1
levelup/go-api/internal/analysis/killer_victim.go:75.2,76.27 2 1
levelup/go-api/internal/analysis/killer_victim.go:76.27,78.3 1 1
levelup/go-api/internal/analysis/killer_victim.go:80.2,83.26 3 1
levelup/go-api/internal/analysis/killer_victim.go:83.26,86.15 3 1
levelup/go-api/internal/analysis/killer_victim.go:86.15,87.12 1 1
levelup/go-api/internal/analysis/killer_victim.go:90.3,92.34 3 1
levelup/go-api/internal/analysis/killer_victim.go:92.34,93.25 1 1
levelup/go-api/internal/analysis/killer_victim.go:93.25,94.13 1 0
levelup/go-api/internal/analysis/killer_victim.go:96.4,97.42 2 1
levelup/go-api/internal/analysis/killer_victim.go:97.42,100.5 2 1
levelup/go-api/internal/analysis/killer_victim.go:103.3,103.20 1 1
levelup/go-api/internal/analysis/killer_victim.go:103.20,104.12 1 0
levelup/go-api/internal/analysis/killer_victim.go:107.3,111.21 4 1
levelup/go-api/internal/analysis/killer_victim.go:111.21,113.4 1 1
levelup/go-api/internal/analysis/killer_victim.go:114.3,115.21 2 1
levelup/go-api/internal/analysis/killer_victim.go:115.21,117.4 1 1
levelup/go-api/internal/analysis/killer_victim.go:119.3,125.5 1 1
levelup/go-api/internal/analysis/killer_victim.go:128.2,128.12 1 1
levelup/go-api/internal/analysis/killer_victim.go:133.99,136.26 3 1
levelup/go-api/internal/analysis/killer_victim.go:136.26,137.29 1 1
levelup/go-api/internal/analysis/killer_victim.go:137.29,139.4 1 1
levelup/go-api/internal/analysis/killer_victim.go:139.9,139.36 1 1
levelup/go-api/internal/analysis/killer_victim.go:139.36,141.4 1 1
levelup/go-api/internal/analysis/killer_victim.go:143.2,143.29 1 1
levelup/go-api/internal/analysis/killer_victim.go:151.48,152.48 1 1
levelup/go-api/internal/analysis/killer_victim.go:152.48,152.75 1 1
levelup/go-api/internal/analysis/killer_victim.go:156.48,157.48 1 1
levelup/go-api/internal/analysis/killer_victim.go:157.48,157.74 1 1
levelup/go-api/internal/analysis/killer_victim.go:160.27,161.11 1 1
levelup/go-api/internal/analysis/killer_victim.go:161.11,163.3 1 1
levelup/go-api/internal/analysis/killer_victim.go:164.2,164.10 1 1
levelup/go-api/internal/analysis/performance_score.go:57.12,58.42 1 1
levelup/go-api/internal/analysis/performance_score.go:58.42,60.3 1 1
levelup/go-api/internal/analysis/performance_score.go:62.2,84.36 17 1
levelup/go-api/internal/analysis/performance_score.go:84.36,88.3 3 1
levelup/go-api/internal/analysis/performance_score.go:89.2,89.24 1 1
levelup/go-api/internal/analysis/performance_score.go:89.24,91.3 1 0
levelup/go-api/internal/analysis/performance_score.go:92.2,94.20 2 1
levelup/go-api/internal/analysis/performance_score.go:94.20,96.3 1 1
levelup/go-api/internal/analysis/performance_score.go:98.2,100.17 3 1
levelup/go-api/internal/analysis/performance_score.go:105.74,106.23 1 1
levelup/go-api/internal/analysis/performance_score.go:106.23,108.3 1 1
levelup/go-api/internal/analysis/performance_score.go:109.2,110.30 2 1
levelup/go-api/internal/analysis/performance_score.go:110.30,112.43 2 1
levelup/go-api/internal/analysis/performance_score.go:112.43,114.12 2 1
levelup/go-api/internal/analysis/performance_score.go:116.3,116.67 1 0
levelup/go-api/internal/analysis/performance_score.go:118.2,118.15 1 1
levelup/go-api/internal/analysis/performance_score.go:151.56,152.64 1 1
levelup/go-api/internal/analysis/performance_score.go:152.64,154.3 1 1
levelup/go-api/internal/analysis/performance_score.go:155.2,155.31 1 1
levelup/go-api/internal/analysis/performance_score.go:158.75,163.20 4 1
levelup/go-api/internal/analysis/performance_score.go:163.20,165.3 1 1
levelup/go-api/internal/analysis/performance_score.go:167.2,175.30 2 1
levelup/go-api/internal/analysis/performance_score.go:175.30,178.3 2 1
levelup/go-api/internal/analysis/performance_score.go:179.2,179.28 1 1
levelup/go-api/internal/analysis/performance_score.go:179.28,182.3 2 1
levelup/go-api/internal/analysis/performance_score.go:185.2,185.66 1 1
levelup/go-api/internal/analysis/performance_score.go:185.66,190.3 4 1
levelup/go-api/internal/analysis/performance_score.go:192.2,192.56 1 1
levelup/go-api/internal/analysis/performance_score.go:192.56,195.3 2 1
levelup/go-api/internal/analysis/performance_score.go:197.2,197.58 1 1
levelup/go-api/internal/analysis/performance_score.go:197.58,200.3 2 1
levelup/go-api/internal/analysis/performance_score.go:202.2,202.10 1 1
levelup/go-api/internal/analysis/performance_score.go:205.75,213.30 3 1
levelup/go-api/internal/analysis/performance_score.go:213.30,219.24 6 1
levelup/go-api/internal/analysis/performance_score.go:219.24,221.4 1 1
levelup/go-api/internal/analysis/performance_score.go:222.3,222.20 1 1
levelup/go-api/internal/analysis/performance_score.go:222.20,224.4 1 1
levelup/go-api/internal/analysis/performance_score.go:225.3,225.25 1 1
levelup/go-api/internal/analysis/performance_score.go:225.25,227.4 1 1
levelup/go-api/internal/analysis/performance_score.go:228.3,228.28 1 1
levelup/go-api/internal/analysis/performance_score.go:228.28,230.4 1 0
levelup/go-api/internal/analysis/performance_score.go:231.3,231.31 1 1
levelup/go-api/internal/analysis/performance_score.go:231.31,233.4 1 0
levelup/go-api/internal/analysis/performance_score.go:234.3,234.32 1 1
levelup/go-api/internal/analysis/performance_score.go:234.32,236.4 1 0
levelup/go-api/internal/analysis/performance_score.go:238.2,238.10 1 1
levelup/go-api/internal/analysis/performance_score.go:245.62,246.21 1 1
levelup/go-api/internal/analysis/performance_score.go:246.21,248.3 1 1
levelup/go-api/internal/analysis/performance_score.go:249.2,250.27 2 1
levelup/go-api/internal/analysis/performance_score.go:250.27,251.17 1 1
levelup/go-api/internal/analysis/performance_score.go:251.17,253.4 1 1
levelup/go-api/internal/analysis/performance_score.go:255.2,255.77 1 1
levelup/go-api/internal/analysis/performance_score.go:259.69,260.21 1 1
levelup/go-api/internal/analysis/performance_score.go:260.21,262.3 1 0
levelup/go-api/internal/analysis/performance_score.go:263.2,264.27 2 1
levelup/go-api/internal/analysis/performance_score.go:264.27,265.17 1 1
levelup/go-api/internal/analysis/performance_score.go:265.17,267.4 1 1
levelup/go-api/internal/analysis/performance_score.go:269.2,269.77 1 1
levelup/go-api/internal/analysis/performance_score.go:279.3,280.21 1 1
levelup/go-api/internal/analysis/performance_score.go:280.21,282.3 1 1
levelup/go-api/internal/analysis/performance_score.go:283.2,284.9 2 1
levelup/go-api/internal/analysis/performance_score.go:284.9,286.3 1 1
levelup/go-api/internal/analysis/performance_score.go:287.2,288.13 2 1
levelup/go-api/internal/analysis/performance_score.go:288.13,290.3 1 1
levelup/go-api/internal/analysis/performance_score.go:290.8,292.3 1 1
levelup/go-api/internal/analysis/performance_score.go:293.2,294.22 2 1
levelup/go-api/internal/analysis/performance_score.go:304.3,305.37 1 1
levelup/go-api/internal/analysis/performance_score.go:305.37,307.3 1 1
levelup/go-api/internal/analysis/performance_score.go:308.2,308.69 1 1
levelup/go-api/internal/analysis/performance_score.go:313.69,316.67 3 1
levelup/go-api/internal/analysis/performance_score.go:316.67,319.3 2 1
levelup/go-api/internal/analysis/performance_score.go:320.2,321.11 2 1
levelup/go-api/internal/analysis/performance_score.go:321.11,323.3 1 1
levelup/go-api/internal/analysis/performance_score.go:323.8,325.3 1 1
levelup/go-api/internal/analysis/performance_score.go:326.2,326.22 1 1
levelup/go-api/internal/analysis/performance_score.go:331.95,332.26 1 1
levelup/go-api/internal/analysis/performance_score.go:332.26,335.3 2 1
levelup/go-api/internal/analysis/performance_score.go:336.2,337.31 2 1
levelup/go-api/internal/analysis/performance_score.go:337.31,338.19 1 1
levelup/go-api/internal/analysis/performance_score.go:338.19,340.4 1 1
levelup/go-api/internal/analysis/performance_score.go:340.9,343.4 2 1
levelup/go-api/internal/analysis/performance_score.go:345.2,346.20 2 1
levelup/go-api/internal/analysis/performance_score.go:346.20,348.3 1 1
levelup/go-api/internal/analysis/performance_score.go:348.8,350.3 1 1
levelup/go-api/internal/analysis/performance_score.go:351.2,355.13 5 1
levelup/go-api/internal/analysis/performance_score.go:359.42,360.13 1 1
levelup/go-api/internal/analysis/performance_score.go:360.13,362.3 1 1
levelup/go-api/internal/analysis/performance_score.go:363.2,363.13 1 1
levelup/go-api/internal/analysis/performance_score.go:363.13,365.3 1 1
levelup/go-api/internal/analysis/performance_score.go:366.2,366.10 1 1
levelup/go-api/internal/analysis/sessions.go:21.59,28.2 1 1
levelup/go-api/internal/analysis/sessions.go:31.96,32.20 1 1
levelup/go-api/internal/analysis/sessions.go:32.20,34.3 1 0
levelup/go-api/internal/analysis/sessions.go:35.2,35.21 1 1
levelup/go-api/internal/analysis/sessions.go:35.21,37.3 1 0
levelup/go-api/internal/analysis/sessions.go:38.2,42.27 5 1
levelup/go-api/internal/analysis/sessions.go:42.27,43.74 1 1
levelup/go-api/internal/analysis/sessions.go:43.74,45.4 1 1
levelup/go-api/internal/analysis/sessions.go:46.3,46.78 1 1
levelup/go-api/internal/analysis/sessions.go:48.2,48.12 1 1
levelup/go-api/internal/analysis/sessions.go:52.126,53.20 1 1
levelup/go-api/internal/analysis/sessions.go:53.20,55.3 1 0
levelup/go-api/internal/analysis/sessions.go:56.2,56.26 1 1
levelup/go-api/internal/analysis/sessions.go:56.26,58.3 1 0
levelup/go-api/internal/analysis/sessions.go:59.2,64.27 6 1
levelup/go-api/internal/analysis/sessions.go:64.27,65.12 1 1
levelup/go-api/internal/analysis/sessions.go:65.12,70.49 5 1
levelup/go-api/internal/analysis/sessions.go:70.49,72.5 1 1
levelup/go-api/internal/analysis/sessions.go:74.3,74.78 1 1
levelup/go-api/internal/analysis/sessions.go:76.2,76.12 1 1
levelup/go-api/internal/analysis/sessions.go:80.118,81.27 1 1
levelup/go-api/internal/analysis/sessions.go:81.27,83.3 1 0
levelup/go-api/internal/analysis/sessions.go:84.2,86.25 3 1
levelup/go-api/internal/analysis/sessions.go:86.25,88.30 2 1
levelup/go-api/internal/analysis/sessions.go:88.30,90.4 1 1
levelup/go-api/internal/analysis/sessions.go:92.2,100.32 4 1
levelup/go-api/internal/analysis/sessions.go:100.32,103.42 3 1
levelup/go-api/internal/analysis/sessions.go:103.42,105.4 1 1
levelup/go-api/internal/analysis/sessions.go:105.9,108.29 3 1
levelup/go-api/internal/analysis/sessions.go:108.29,110.5 1 0
levelup/go-api/internal/analysis/sessions.go:111.4,111.26 1 1
levelup/go-api/internal/analysis/sessions.go:111.26,113.5 1 1
levelup/go-api/internal/analysis/sessions.go:115.3,115.26 1 1
levelup/go-api/internal/analysis/sessions.go:115.26,117.4 1 0
levelup/go-api/internal/analysis/sessions.go:119.2,120.36 2 1
levelup/go-api/internal/analysis/sessions.go:120.36,122.10 2 1
levelup/go-api/internal/analysis/sessions.go:122.10,123.12 1 0
levelup/go-api/internal/analysis/sessions.go:125.3,132.5 2 1
levelup/go-api/internal/analysis/sessions.go:134.2,134.15 1 1
levelup/go-api/internal/analysis/sessions.go:138.122,140.27 2 1
levelup/go-api/internal/analysis/sessions.go:140.27,142.3 1 1
levelup/go-api/internal/analysis/sessions.go:143.2,144.32 2 1
levelup/go-api/internal/analysis/sessions.go:144.32,150.3 1 1
levelup/go-api/internal/analysis/sessions.go:151.2,151.12 1 1
levelup/go-api/internal/analysis/sessions.go:155.79,160.25 5 1
levelup/go-api/internal/analysis/sessions.go:160.25,162.3 1 1
levelup/go-api/internal/analysis/sessions.go:163.2,163.29 1 1
levelup/go-api/internal/analysis/sessions.go:163.29,165.3 1 1
levelup/go-api/internal/analysis/sessions.go:166.2,166.14 1 0
levelup/go-api/internal/analysis/sessions.go:170.52,171.9 1 1
levelup/go-api/internal/analysis/sessions.go:172.16,173.70 1 1
levelup/go-api/internal/analysis/sessions.go:174.17,175.68 1 1
levelup/go-api/internal/analysis/sessions.go:176.18,177.66 1 1
levelup/go-api/internal/analysis/sessions.go:178.18,179.70 1 1
levelup/go-api/internal/analysis/sessions.go:180.10,181.68 1 1
levelup/go-api/internal/analysis/sessions.go:185.80,188.41 3 1
levelup/go-api/internal/analysis/sessions.go:188.41,190.3 1 1
levelup/go-api/internal/analysis/sessions.go:191.2,191.15 1 1
levelup/go-api/internal/analysis/sessions.go:194.57,195.21 1 1
levelup/go-api/internal/analysis/sessions.go:195.21,197.3 1 1
levelup/go-api/internal/analysis/sessions.go:198.2,199.26 2 1
levelup/go-api/internal/analysis/sessions.go:199.26,201.3 1 1
levelup/go-api/internal/analysis/sessions.go:202.2,202.12 1 1
levelup/go-api/internal/analysis/sessions.go:205.85,208.24 3 1
levelup/go-api/internal/analysis/sessions.go:208.24,210.3 1 1
levelup/go-api/internal/analysis/sessions.go:211.2,211.22 1 1
levelup/go-api/internal/analysis/sessions.go:211.22,213.3 1 1
levelup/go-api/internal/analysis/sessions.go:214.2,216.51 3 1
levelup/go-api/internal/analysis/sessions.go:216.51,218.3 1 1
levelup/go-api/internal/analysis/sessions.go:219.2,219.35 1 1
levelup/go-api/internal/analysis/sessions.go:219.35,220.39 1 1
levelup/go-api/internal/analysis/sessions.go:220.39,222.4 1 1
levelup/go-api/internal/analysis/sessions.go:224.2,224.14 1 0
levelup/go-api/internal/analysis/sessions.go:227.38,228.15 1 1
levelup/go-api/internal/analysis/sessions.go:228.15,230.3 1 1
levelup/go-api/internal/analysis/sessions.go:231.2,233.26 3 1
levelup/go-api/internal/analysis/sessions.go:233.26,234.40 1 1
levelup/go-api/internal/analysis/sessions.go:234.40,236.4 1 1
levelup/go-api/internal/analysis/sessions.go:238.2,238.12 1 1
levelup/go-api/internal/analysis/sessions.go:241.76,243.26 2 1
levelup/go-api/internal/analysis/sessions.go:243.26,244.32 1 1
levelup/go-api/internal/analysis/sessions.go:244.32,246.4 1 1
levelup/go-api/internal/analysis/sessions.go:248.2,248.12 1 1
levelup/go-api/internal/analysis/sessions.go:251.53,252.26 1 1
levelup/go-api/internal/analysis/sessions.go:252.26,253.15 1 1
levelup/go-api/internal/analysis/sessions.go:253.15,255.4 1 1
levelup/go-api/internal/analysis/sessions.go:257.2,257.14 1 1
levelup/go-api/internal/analysis/sessions.go:260.36,261.14 1 1
levelup/go-api/internal/analysis/sessions.go:261.14,263.3 1 1
levelup/go-api/internal/analysis/sessions.go:264.2,264.11 1 1
levelup/go-api/internal/analysis/sessions.go:267.64,270.24 3 1
levelup/go-api/internal/analysis/sessions.go:270.24,272.3 1 0
levelup/go-api/internal/analysis/sessions.go:273.2,273.95 1 1
levelup/go-api/internal/analysis/skill_rating.go:62.36,67.2 1 1
levelup/go-api/internal/analysis/skill_rating.go:74.28,75.20 1 1
levelup/go-api/internal/analysis/skill_rating.go:75.20,77.3 1 1
levelup/go-api/internal/analysis/skill_rating.go:79.2,81.41 3 1
levelup/go-api/internal/analysis/skill_rating.go:81.41,83.3 1 1
levelup/go-api/internal/analysis/skill_rating.go:85.2,89.29 4 1
levelup/go-api/internal/analysis/skill_rating.go:89.29,93.33 3 1
levelup/go-api/internal/analysis/skill_rating.go:93.33,96.4 2 1
levelup/go-api/internal/analysis/skill_rating.go:98.3,120.26 14 1
levelup/go-api/internal/analysis/skill_rating.go:120.26,122.4 1 0
levelup/go-api/internal/analysis/skill_rating.go:123.3,123.55 1 1
levelup/go-api/internal/analysis/skill_rating.go:123.55,125.17 2 0
levelup/go-api/internal/analysis/skill_rating.go:125.17,128.5 2 0
levelup/go-api/internal/analysis/skill_rating.go:131.3,136.5 1 1
levelup/go-api/internal/analysis/skill_rating.go:138.2,138.16 1 1
levelup/go-api/internal/analysis/skill_rating.go:142.104,155.2 10 1
levelup/go-api/internal/analysis/skill_rating.go:158.56,159.37 1 1
levelup/go-api/internal/analysis/skill_rating.go:159.37,161.3 1 1
levelup/go-api/internal/analysis/skill_rating.go:162.2,164.42 3 1
levelup/go-api/internal/analysis/skill_rating.go:167.67,169.2 1 1
levelup/go-api/internal/analysis/skill_rating.go:171.35,174.2 2 1
levelup/go-api/internal/analysis/skill_rating.go:176.35,178.19 2 1
levelup/go-api/internal/analysis/skill_rating.go:178.19,180.3 1 0
levelup/go-api/internal/analysis/skill_rating.go:181.2,181.31 1 1
levelup/go-api/internal/analysis/skill_rating.go:190.11,193.56 2 1
levelup/go-api/internal/analysis/skill_rating.go:193.56,196.3 2 1
levelup/go-api/internal/analysis/skill_rating.go:198.2,198.58 1 1
levelup/go-api/internal/analysis/skill_rating.go:198.58,201.3 2 1
levelup/go-api/internal/analysis/skill_rating.go:203.2,203.24 1 1
levelup/go-api/internal/analysis/skill_rating.go:203.24,204.49 1 1
levelup/go-api/internal/analysis/skill_rating.go:204.49,206.4 1 1
levelup/go-api/internal/analysis/skill_rating.go:209.2,209.54 1 1
levelup/go-api/internal/analysis/skill_rating.go:209.54,211.16 2 0
levelup/go-api/internal/analysis/skill_rating.go:211.16,214.4 2 0
levelup/go-api/internal/analysis/skill_rating.go:217.2,217.39 1 1
levelup/go-api/internal/analysis/skill_rating.go:217.39,220.3 2 0
levelup/go-api/internal/analysis/skill_rating.go:222.2,224.35 3 1
levelup/go-api/internal/analysis/skill_rating.go:224.35,228.3 3 1
levelup/go-api/internal/analysis/skill_rating.go:229.2,229.24 1 1
levelup/go-api/internal/analysis/skill_rating.go:229.24,231.3 1 1
levelup/go-api/internal/analysis/skill_rating.go:232.2,232.50 1 1
levelup/go-api/internal/analysis/skill_rating.go:235.47,236.18 1 1
levelup/go-api/internal/analysis/skill_rating.go:236.18,238.3 1 1
levelup/go-api/internal/analysis/skill_rating.go:239.2,240.44 2 1
levelup/go-api/internal/analysis/skill_rating.go:243.97,245.33 2 1
levelup/go-api/internal/analysis/skill_rating.go:245.33,247.3 1 1
levelup/go-api/internal/analysis/skill_rating.go:248.2,248.12 1 1
levelup/go-api/internal/analysis/skill_rating.go:251.79,252.21 1 1
levelup/go-api/internal/analysis/skill_rating.go:252.21,254.3 1 1
levelup/go-api/internal/analysis/skill_rating.go:255.2,257.26 3 1
levelup/go-api/internal/analysis/skill_rating.go:257.26,258.29 1 1
levelup/go-api/internal/analysis/skill_rating.go:258.29,261.4 2 1
levelup/go-api/internal/analysis/skill_rating.go:263.2,263.16 1 1
levelup/go-api/internal/analysis/skill_rating.go:263.16,265.3 1 1
levelup/go-api/internal/analysis/skill_rating.go:266.2,268.26 3 1
levelup/go-api/internal/analysis/skill_rating.go:268.26,269.29 1 1
levelup/go-api/internal/analysis/skill_rating.go:269.29,272.4 2 1
levelup/go-api/internal/analysis/skill_rating.go:274.2,275.20 2 1
levelup/go-api/internal/analysis/skill_rating.go:281.48,282.26 1 1
levelup/go-api/internal/analysis/skill_rating.go:282.26,283.75 1 1
levelup/go-api/internal/analysis/skill_rating.go:283.75,285.4 1 1
levelup/go-api/internal/analysis/skill_rating.go:285.9,287.4 1 1
levelup/go-api/internal/analysis/skill_rating.go:289.2,289.27 1 1
levelup/go-api/internal/analysis/skill_rating.go:295.29,296.23 1 1
levelup/go-api/internal/analysis/skill_rating.go:296.23,298.3 1 1
levelup/go-api/internal/analysis/skill_rating.go:299.2,300.33 2 1
levelup/go-api/internal/analysis/skill_rating.go:300.33,303.3 2 1
levelup/go-api/internal/analysis/skill_rating.go:303.8,305.3 1 0
levelup/go-api/internal/analysis/skill_rating.go:306.2,306.36 1 1
levelup/go-api/internal/analysis/skill_rating.go:309.59,310.21 1 1
levelup/go-api/internal/analysis/skill_rating.go:310.21,312.3 1 1
levelup/go-api/internal/analysis/skill_rating.go:313.2,315.26 3 1
levelup/go-api/internal/analysis/skill_rating.go:315.26,316.29 1 1
levelup/go-api/internal/analysis/skill_rating.go:316.29,319.4 2 1
levelup/go-api/internal/analysis/skill_rating.go:321.2,321.16 1 1
levelup/go-api/internal/analysis/skill_rating.go:321.16,323.3 1 0
levelup/go-api/internal/analysis/skill_rating.go:324.2,324.29 1 1
levelup/go-api/internal/analysis/skill_rating.go:327.65,329.51 2 1
levelup/go-api/internal/analysis/skill_rating.go:329.51,330.38 1 1
levelup/go-api/internal/analysis/skill_rating.go:330.38,332.4 1 1
levelup/go-api/internal/analysis/skill_rating.go:334.2,334.16 1 1
levelup/go-api/internal/analysis/skill_rating.go:337.82,338.32 1 1
levelup/go-api/internal/analysis/skill_rating.go:338.32,340.3 1 1
levelup/go-api/internal/analysis/skill_rating.go:341.2,343.10 3 1
levelup/go-api/internal/analysis/skill_rating.go:346.75,348.26 2 1
levelup/go-api/internal/analysis/skill_rating.go:348.26,350.3 1 1
levelup/go-api/internal/analysis/skill_rating.go:351.2,351.14 1 1
levelup/go-api/internal/analysis/skill_rating.go:354.49,355.21 1 1
levelup/go-api/internal/analysis/skill_rating.go:355.21,357.3 1 1
levelup/go-api/internal/analysis/skill_rating.go:358.2,359.26 2 1
levelup/go-api/internal/analysis/skill_rating.go:359.26,361.3 1 1
levelup/go-api/internal/analysis/skill_rating.go:362.2,362.34 1 1
levelup/go-api/internal/analysis/skill_rating.go:365.33,366.14 1 1
levelup/go-api/internal/analysis/skill_rating.go:366.14,368.3 1 1
levelup/go-api/internal/analysis/skill_rating.go:369.2,369.13 1 1
levelup/go-api/internal/analysis/skill_rating.go:369.13,371.3 1 1
levelup/go-api/internal/analysis/skill_rating.go:372.2,373.9 2 1
levelup/go-api/internal/analysis/skill_rating.go:373.9,375.3 1 1
levelup/go-api/internal/analysis/skill_rating.go:376.2,380.9 4 1
levelup/go-api/internal/analysis/skill_rating.go:380.9,382.3 1 1
levelup/go-api/internal/analysis/skill_rating.go:383.2,383.12 1 1
levelup/go-api/internal/analysis/skill_rating.go:386.33,388.2 1 1
levelup/go-api/internal/analysis/skill_rating.go:390.36,391.26 1 1
levelup/go-api/internal/analysis/skill_rating.go:391.26,393.3 1 1
levelup/go-api/internal/analysis/skill_rating.go:394.2,394.13 1 1
levelup/go-api/internal/analysis/skill_rating.go:394.13,396.3 1 0
levelup/go-api/internal/analysis/skill_rating.go:397.2,397.58 1 1
levelup/go-api/internal/analysis/skill_rating.go:400.40,406.2 5 1
levelup/go-api/internal/analysis/spawn_detection.go:90.11,91.21 1 1
levelup/go-api/internal/analysis/spawn_detection.go:91.21,93.3 1 1
levelup/go-api/internal/analysis/spawn_detection.go:95.2,96.33 2 1
levelup/go-api/internal/analysis/spawn_detection.go:96.33,98.3 1 1
levelup/go-api/internal/analysis/spawn_detection.go:100.2,101.16 2 1
levelup/go-api/internal/analysis/spawn_detection.go:101.16,103.3 1 0
levelup/go-api/internal/analysis/spawn_detection.go:106.2,106.53 1 1
levelup/go-api/internal/analysis/spawn_detection.go:106.53,108.3 1 1
levelup/go-api/internal/analysis/spawn_detection.go:109.2,109.16 1 1
levelup/go-api/internal/analysis/spawn_detection.go:109.16,111.3 1 1
levelup/go-api/internal/analysis/spawn_detection.go:112.2,112.15 1 1
levelup/go-api/internal/analysis/spawn_detection.go:122.62,130.31 3 1
levelup/go-api/internal/analysis/spawn_detection.go:130.31,133.35 3 1
levelup/go-api/internal/analysis/spawn_detection.go:133.35,135.98 1 1
levelup/go-api/internal/analysis/spawn_detection.go:135.98,137.13 2 1
levelup/go-api/internal/analysis/spawn_detection.go:139.4,140.11 2 1
levelup/go-api/internal/analysis/spawn_detection.go:140.11,142.13 2 0
levelup/go-api/internal/analysis/spawn_detection.go:145.4,146.15 2 1
levelup/go-api/internal/analysis/spawn_detection.go:146.15,151.13 5 1
levelup/go-api/internal/analysis/spawn_detection.go:155.4,155.47 1 1
levelup/go-api/internal/analysis/spawn_detection.go:155.47,167.5 3 1
levelup/go-api/internal/analysis/spawn_detection.go:168.4,169.9 2 1
levelup/go-api/internal/analysis/spawn_detection.go:174.2,175.29 2 1
levelup/go-api/internal/analysis/spawn_detection.go:175.29,176.25 1 1
levelup/go-api/internal/analysis/spawn_detection.go:176.25,178.4 1 1
levelup/go-api/internal/analysis/spawn_detection.go:180.2,180.15 1 1
levelup/go-api/internal/analysis/spawn_detection.go:185.89,186.25 1 1
levelup/go-api/internal/analysis/spawn_detection.go:186.25,188.3 1 1
levelup/go-api/internal/analysis/spawn_detection.go:190.2,191.31 2 1
levelup/go-api/internal/analysis/spawn_detection.go:191.31,193.3 1 1
levelup/go-api/internal/analysis/spawn_detection.go:195.2,196.23 2 1
levelup/go-api/internal/analysis/spawn_detection.go:196.23,198.3 1 1
levelup/go-api/internal/analysis/spawn_detection.go:200.2,200.54 1 1
levelup/go-api/internal/analysis/spawn_detection.go:200.54,202.3 1 1
levelup/go-api/internal/analysis/spawn_detection.go:204.2,204.24 1 1
levelup/go-api/internal/analysis/spawn_detection.go:204.24,206.3 1 0
levelup/go-api/internal/analysis/spawn_detection.go:207.2,208.22 2 1
levelup/go-api/internal/analysis/spawn_detection.go:208.22,210.3 1 0
levelup/go-api/internal/analysis/spawn_detection.go:212.2,212.25 1 1
levelup/go-api/internal/analysis/spawn_detection.go:212.25,214.3 1 0
levelup/go-api/internal/analysis/spawn_detection.go:215.2,220.8 5 1
levelup/go-api/internal/analysis/spawn_detection.go:224.69,225.58 1 1
levelup/go-api/internal/analysis/spawn_detection.go:225.58,227.3 1 1
levelup/go-api/internal/analysis/spawn_detection.go:228.2,229.58 2 1
levelup/go-api/internal/analysis/spawn_detection.go:238.103,239.25 1 1
levelup/go-api/internal/analysis/spawn_detection.go:239.25,241.3 1 1
levelup/go-api/internal/analysis/spawn_detection.go:244.2,244.44 1 1
levelup/go-api/internal/analysis/spawn_detection.go:244.44,246.3 1 1
levelup/go-api/internal/analysis/spawn_detection.go:249.2,252.30 3 1
levelup/go-api/internal/analysis/spawn_detection.go:252.30,256.39 4 1
levelup/go-api/internal/analysis/spawn_detection.go:256.39,257.44 1 1
levelup/go-api/internal/analysis/spawn_detection.go:257.44,258.10 1 1
levelup/go-api/internal/analysis/spawn_detection.go:260.4,260.39 1 1
levelup/go-api/internal/analysis/spawn_detection.go:260.39,263.5 2 1
levelup/go-api/internal/analysis/spawn_detection.go:265.3,265.25 1 1
levelup/go-api/internal/analysis/spawn_detection.go:265.25,268.4 2 1
levelup/go-api/internal/analysis/spawn_detection.go:270.2,270.15 1 1
levelup/go-api/internal/analysis/spawn_detection.go:280.76,281.25 1 1
levelup/go-api/internal/analysis/spawn_detection.go:281.25,283.3 1 1
levelup/go-api/internal/analysis/spawn_detection.go:284.2,284.44 1 1
levelup/go-api/internal/analysis/spawn_detection.go:284.44,286.3 1 1
levelup/go-api/internal/analysis/spawn_detection.go:289.2,293.30 3 1
levelup/go-api/internal/analysis/spawn_detection.go:293.30,295.29 2 1
levelup/go-api/internal/analysis/spawn_detection.go:295.29,299.4 3 1
levelup/go-api/internal/analysis/spawn_detection.go:302.2,302.24 1 1
levelup/go-api/internal/analysis/spawn_detection.go:302.24,304.3 1 0
levelup/go-api/internal/analysis/spawn_detection.go:307.2,307.32 1 1
levelup/go-api/internal/analysis/spawn_detection.go:307.32,309.3 1 0
levelup/go-api/internal/analysis/spawn_detection.go:310.2,310.17 1 1
levelup/go-api/internal/analysis/squad_breakdown.go:19.84,20.20 1 1
levelup/go-api/internal/analysis/squad_breakdown.go:20.20,22.3 1 1
levelup/go-api/internal/analysis/squad_breakdown.go:23.2,27.25 4 1
levelup/go-api/internal/analysis/squad_breakdown.go:27.25,28.72 1 1
levelup/go-api/internal/analysis/squad_breakdown.go:28.72,30.38 2 1
levelup/go-api/internal/analysis/squad_breakdown.go:30.38,32.5 1 1
levelup/go-api/internal/analysis/squad_breakdown.go:34.3,34.19 1 1
levelup/go-api/internal/analysis/squad_breakdown.go:34.19,37.4 2 1
levelup/go-api/internal/analysis/squad_breakdown.go:38.3,39.11 2 1
levelup/go-api/internal/analysis/squad_breakdown.go:42.2,43.17 2 1
levelup/go-api/internal/analysis/squad_breakdown.go:43.17,45.3 1 1
levelup/go-api/internal/analysis/squad_breakdown.go:46.2,47.14 2 1
levelup/go-api/internal/analysis/squad_breakdown.go:47.14,49.3 1 1
levelup/go-api/internal/analysis/squad_breakdown.go:50.2,51.16 2 1
levelup/go-api/internal/analysis/squad_breakdown.go:51.16,53.3 1 1
levelup/go-api/internal/analysis/squad_breakdown.go:55.2,60.3 1 1
levelup/go-api/internal/analysis/squad_breakdown.go:69.86,71.25 2 1
levelup/go-api/internal/analysis/squad_breakdown.go:71.25,73.23 2 1
levelup/go-api/internal/analysis/squad_breakdown.go:73.23,75.4 1 1
levelup/go-api/internal/analysis/squad_breakdown.go:76.3,81.5 1 1
levelup/go-api/internal/analysis/squad_breakdown.go:83.2,83.14 1 1
levelup/go-api/internal/analysis/squad_breakdown.go:88.73,89.20 1 1
levelup/go-api/internal/analysis/squad_breakdown.go:89.20,91.3 1 0
levelup/go-api/internal/analysis/squad_breakdown.go:93.2,105.25 3 1
levelup/go-api/internal/analysis/squad_breakdown.go:105.25,107.14 2 1
levelup/go-api/internal/analysis/squad_breakdown.go:107.14,109.4 1 0
levelup/go-api/internal/analysis/squad_breakdown.go:110.3,112.10 3 1
levelup/go-api/internal/analysis/squad_breakdown.go:112.10,115.4 2 1
levelup/go-api/internal/analysis/squad_breakdown.go:116.3,116.72 1 1
levelup/go-api/internal/analysis/squad_breakdown.go:116.72,118.38 2 1
levelup/go-api/internal/analysis/squad_breakdown.go:118.38,120.5 1 1
levelup/go-api/internal/analysis/squad_breakdown.go:122.3,124.19 3 1
levelup/go-api/internal/analysis/squad_breakdown.go:124.19,127.4 2 0
levelup/go-api/internal/analysis/squad_breakdown.go:128.3,128.14 1 1
levelup/go-api/internal/analysis/squad_breakdown.go:132.2,137.29 3 1
levelup/go-api/internal/analysis/squad_breakdown.go:137.29,138.20 1 1
levelup/go-api/internal/analysis/squad_breakdown.go:138.20,139.12 1 1
levelup/go-api/internal/analysis/squad_breakdown.go:141.3,142.20 2 1
levelup/go-api/internal/analysis/squad_breakdown.go:142.20,144.4 1 1
levelup/go-api/internal/analysis/squad_breakdown.go:145.3,146.20 2 1
levelup/go-api/internal/analysis/squad_breakdown.go:146.20,149.4 2 1
levelup/go-api/internal/analysis/squad_breakdown.go:150.3,150.19 1 1
levelup/go-api/internal/analysis/squad_breakdown.go:150.19,152.4 1 0
levelup/go-api/internal/analysis/squad_breakdown.go:153.3,163.5 1 1
levelup/go-api/internal/analysis/squad_breakdown.go:165.2,165.45 1 1
levelup/go-api/internal/analysis/squad_breakdown.go:165.45,165.91 1 1
levelup/go-api/internal/analysis/squad_breakdown.go:167.2,169.31 3 1
levelup/go-api/internal/analysis/squad_breakdown.go:169.31,170.23 1 1
levelup/go-api/internal/analysis/squad_breakdown.go:170.23,171.9 1 0
levelup/go-api/internal/analysis/squad_breakdown.go:173.3,173.35 1 1
levelup/go-api/internal/analysis/squad_breakdown.go:175.2,175.15 1 1
levelup/go-api/internal/analysis/squad_breakdown.go:180.86,181.20 1 0
levelup/go-api/internal/analysis/squad_breakdown.go:181.20,183.3 1 0
levelup/go-api/internal/analysis/squad_breakdown.go:185.2,197.25 3 0
levelup/go-api/internal/analysis/squad_breakdown.go:197.25,199.14 2 0
levelup/go-api/internal/analysis/squad_breakdown.go:199.14,201.4 1 0
levelup/go-api/internal/analysis/squad_breakdown.go:202.3,204.10 3 0
levelup/go-api/internal/analysis/squad_breakdown.go:204.10,207.4 2 0
levelup/go-api/internal/analysis/squad_breakdown.go:208.3,208.72 1 0
levelup/go-api/internal/analysis/squad_breakdown.go:208.72,210.38 2 0
levelup/go-api/internal/analysis/squad_breakdown.go:210.38,212.5 1 0
levelup/go-api/internal/analysis/squad_breakdown.go:214.3,216.19 3 0
levelup/go-api/internal/analysis/squad_breakdown.go:216.19,219.4 2 0
levelup/go-api/internal/analysis/squad_breakdown.go:220.3,220.14 1 0
levelup/go-api/internal/analysis/squad_breakdown.go:223.2,228.29 3 0
levelup/go-api/internal/analysis/squad_breakdown.go:228.29,229.20 1 0
levelup/go-api/internal/analysis/squad_breakdown.go:229.20,230.12 1 0
levelup/go-api/internal/analysis/squad_breakdown.go:232.3,233.20 2 0
levelup/go-api/internal/analysis/squad_breakdown.go:233.20,235.4 1 0
levelup/go-api/internal/analysis/squad_breakdown.go:236.3,236.20 1 0
levelup/go-api/internal/analysis/squad_breakdown.go:236.20,239.4 2 0
levelup/go-api/internal/analysis/squad_breakdown.go:240.3,240.19 1 0
levelup/go-api/internal/analysis/squad_breakdown.go:240.19,242.4 1 0
levelup/go-api/internal/analysis/squad_breakdown.go:243.3,253.5 1 0
levelup/go-api/internal/analysis/squad_breakdown.go:255.2,255.45 1 0
levelup/go-api/internal/analysis/squad_breakdown.go:255.45,255.91 1 0
levelup/go-api/internal/analysis/squad_breakdown.go:257.2,259.31 3 0
levelup/go-api/internal/analysis/squad_breakdown.go:259.31,260.23 1 0
levelup/go-api/internal/analysis/squad_breakdown.go:260.23,261.9 1 0
levelup/go-api/internal/analysis/squad_breakdown.go:263.3,263.35 1 0
levelup/go-api/internal/analysis/squad_breakdown.go:265.2,265.15 1 0
levelup/go-api/internal/analysis/squad_breakdown.go:270.106,274.25 4 1
levelup/go-api/internal/analysis/squad_breakdown.go:274.25,275.33 1 1
levelup/go-api/internal/analysis/squad_breakdown.go:275.33,276.12 1 1
levelup/go-api/internal/analysis/squad_breakdown.go:278.3,279.72 2 1
levelup/go-api/internal/analysis/squad_breakdown.go:279.72,281.38 2 1
levelup/go-api/internal/analysis/squad_breakdown.go:281.38,283.5 1 1
levelup/go-api/internal/analysis/squad_breakdown.go:285.3,286.19 2 1
levelup/go-api/internal/analysis/squad_breakdown.go:286.19,289.4 2 1
levelup/go-api/internal/analysis/squad_breakdown.go:291.2,291.21 1 1
levelup/go-api/internal/analysis/squad_breakdown.go:291.21,293.3 1 1
levelup/go-api/internal/analysis/squad_breakdown.go:294.2,295.15 2 1
levelup/go-api/internal/analysis/squad_breakdown.go:295.15,297.3 1 1
levelup/go-api/internal/analysis/squad_breakdown.go:298.2,299.14 2 1
levelup/go-api/internal/analysis/squad_breakdown.go:299.14,301.3 1 1
levelup/go-api/internal/analysis/squad_breakdown.go:302.2,307.3 1 1
levelup/go-api/internal/analysis/squad_breakdown.go:315.95,323.25 7 1
levelup/go-api/internal/analysis/squad_breakdown.go:323.25,324.33 1 1
levelup/go-api/internal/analysis/squad_breakdown.go:324.33,325.12 1 0
levelup/go-api/internal/analysis/squad_breakdown.go:327.3,328.72 2 1
levelup/go-api/internal/analysis/squad_breakdown.go:328.72,330.38 2 1
levelup/go-api/internal/analysis/squad_breakdown.go:330.38,332.5 1 1
levelup/go-api/internal/analysis/squad_breakdown.go:334.3,334.19 1 1
levelup/go-api/internal/analysis/squad_breakdown.go:334.19,337.4 2 1
levelup/go-api/internal/analysis/squad_breakdown.go:338.3,338.24 1 1
levelup/go-api/internal/analysis/squad_breakdown.go:338.24,341.4 2 1
levelup/go-api/internal/analysis/squad_breakdown.go:342.3,342.32 1 1
levelup/go-api/internal/analysis/squad_breakdown.go:342.32,345.4 2 1
levelup/go-api/internal/analysis/squad_breakdown.go:346.3,347.55 2 1
levelup/go-api/internal/analysis/squad_breakdown.go:347.55,350.4 2 1
levelup/go-api/internal/analysis/squad_breakdown.go:353.2,353.26 1 1
levelup/go-api/internal/analysis/squad_breakdown.go:353.26,355.3 1 1
levelup/go-api/internal/analysis/squad_breakdown.go:356.2,357.17 2 1
levelup/go-api/internal/analysis/squad_breakdown.go:357.17,359.3 1 1
levelup/go-api/internal/analysis/squad_breakdown.go:360.2,360.14 1 1
levelup/go-api/internal/analysis/squad_breakdown.go:360.14,363.3 2 1
levelup/go-api/internal/analysis/squad_breakdown.go:364.2,364.14 1 1
levelup/go-api/internal/analysis/squad_breakdown.go:364.14,367.3 2 1
levelup/go-api/internal/analysis/squad_breakdown.go:368.2,368.15 1 1
levelup/go-api/internal/analysis/squad_breakdown.go:368.15,371.3 2 1
levelup/go-api/internal/analysis/squad_breakdown.go:372.2,372.15 1 1
levelup/go-api/internal/analysis/squad_breakdown.go:372.15,376.23 4 1
levelup/go-api/internal/analysis/squad_breakdown.go:376.23,379.4 2 1
levelup/go-api/internal/analysis/squad_breakdown.go:381.2,381.13 1 1
levelup/go-api/internal/analysis/squad_breakdown.go:385.95,409.2 7 1
levelup/go-api/internal/analysis/squad_breakdown.go:412.91,414.25 2 1
levelup/go-api/internal/analysis/squad_breakdown.go:414.25,421.3 4 1
levelup/go-api/internal/analysis/squad_breakdown.go:422.2,423.25 2 1
levelup/go-api/internal/analysis/squad_breakdown.go:423.25,424.27 1 1
levelup/go-api/internal/analysis/squad_breakdown.go:424.27,425.24 1 1
levelup/go-api/internal/analysis/squad_breakdown.go:425.24,427.5 1 1
levelup/go-api/internal/analysis/squad_breakdown.go:430.2,430.14 1 1
levelup/go-api/internal/analysis/squad_breakdown.go:433.32,434.14 1 1
levelup/go-api/internal/analysis/squad_breakdown.go:434.14,436.3 1 1
levelup/go-api/internal/analysis/squad_breakdown.go:437.2,437.11 1 0
levelup/go-api/internal/analysis/squad_breakdown.go:440.31,442.2 1 1
levelup/go-api/internal/analysis/squad_breakdown.go:444.35,445.14 1 1
levelup/go-api/internal/analysis/squad_breakdown.go:445.14,447.3 1 1
levelup/go-api/internal/analysis/squad_breakdown.go:448.2,448.32 1 0
levelup/go-api/internal/analysis/squad_breakdown.go:451.35,452.14 1 1
levelup/go-api/internal/analysis/squad_breakdown.go:452.14,454.3 1 1
levelup/go-api/internal/analysis/squad_breakdown.go:455.2,455.32 1 0
levelup/go-api/internal/analysis/squad_impact.go:21.22,22.22 1 1
levelup/go-api/internal/analysis/squad_impact.go:22.22,24.3 1 1
levelup/go-api/internal/analysis/squad_impact.go:27.2,32.27 3 1
levelup/go-api/internal/analysis/squad_impact.go:32.27,33.32 1 1
levelup/go-api/internal/analysis/squad_impact.go:33.32,35.4 1 1
levelup/go-api/internal/analysis/squad_impact.go:36.3,36.22 1 1
levelup/go-api/internal/analysis/squad_impact.go:37.15,38.66 1 1
levelup/go-api/internal/analysis/squad_impact.go:39.16,40.68 1 0
levelup/go-api/internal/analysis/squad_impact.go:44.2,46.29 2 1
levelup/go-api/internal/analysis/squad_impact.go:46.29,49.41 2 1
levelup/go-api/internal/analysis/squad_impact.go:49.41,49.85 1 1
levelup/go-api/internal/analysis/squad_impact.go:50.3,50.21 1 1
levelup/go-api/internal/analysis/squad_impact.go:50.21,51.25 1 1
levelup/go-api/internal/analysis/squad_impact.go:52.16,53.20 1 1
levelup/go-api/internal/analysis/squad_impact.go:54.20,55.20 1 1
levelup/go-api/internal/analysis/squad_impact.go:59.3,59.21 1 1
levelup/go-api/internal/analysis/squad_impact.go:59.21,61.21 2 1
levelup/go-api/internal/analysis/squad_impact.go:62.16,63.18 1 1
levelup/go-api/internal/analysis/squad_impact.go:64.20,65.18 1 1
levelup/go-api/internal/analysis/squad_impact.go:70.3,70.22 1 1
levelup/go-api/internal/analysis/squad_impact.go:70.22,72.28 2 0
levelup/go-api/internal/analysis/squad_impact.go:72.28,73.27 1 0
levelup/go-api/internal/analysis/squad_impact.go:73.27,74.20 1 0
levelup/go-api/internal/analysis/squad_impact.go:75.18,76.17 1 0
levelup/go-api/internal/analysis/squad_impact.go:77.22,78.17 1 0
levelup/go-api/internal/analysis/squad_impact.go:84.3,85.42 2 1
levelup/go-api/internal/analysis/squad_impact.go:85.42,85.88 1 0
levelup/go-api/internal/analysis/squad_impact.go:86.3,86.22 1 1
levelup/go-api/internal/analysis/squad_impact.go:86.22,87.26 1 0
levelup/go-api/internal/analysis/squad_impact.go:88.16,89.20 1 0
levelup/go-api/internal/analysis/squad_impact.go:90.20,91.20 1 0
levelup/go-api/internal/analysis/squad_impact.go:96.2,104.3 2 1
levelup/go-api/internal/analysis/squad_profiles.go:20.111,21.20 1 1
levelup/go-api/internal/analysis/squad_profiles.go:21.20,23.3 1 1
levelup/go-api/internal/analysis/squad_profiles.go:25.2,29.25 2 1
levelup/go-api/internal/analysis/squad_profiles.go:29.25,36.24 7 1
levelup/go-api/internal/analysis/squad_profiles.go:36.24,39.4 2 1
levelup/go-api/internal/analysis/squad_profiles.go:40.3,40.27 1 1
levelup/go-api/internal/analysis/squad_profiles.go:40.27,44.4 3 1
levelup/go-api/internal/analysis/squad_profiles.go:45.3,45.19 1 1
levelup/go-api/internal/analysis/squad_profiles.go:45.19,48.4 2 1
levelup/go-api/internal/analysis/squad_profiles.go:51.2,51.40 1 1
levelup/go-api/internal/analysis/squad_profiles.go:51.40,52.13 1 1
levelup/go-api/internal/analysis/squad_profiles.go:52.13,54.4 1 0
levelup/go-api/internal/analysis/squad_profiles.go:55.3,55.46 1 1
levelup/go-api/internal/analysis/squad_profiles.go:58.2,69.3 1 1
levelup/go-api/internal/analysis/squad_profiles.go:73.109,74.20 1 1
levelup/go-api/internal/analysis/squad_profiles.go:74.20,76.3 1 1
levelup/go-api/internal/analysis/squad_profiles.go:78.2,82.25 2 0
levelup/go-api/internal/analysis/squad_profiles.go:82.25,89.24 7 0
levelup/go-api/internal/analysis/squad_profiles.go:89.24,92.4 2 0
levelup/go-api/internal/analysis/squad_profiles.go:93.3,93.27 1 0
levelup/go-api/internal/analysis/squad_profiles.go:93.27,97.4 3 0
levelup/go-api/internal/analysis/squad_profiles.go:98.3,98.21 1 0
levelup/go-api/internal/analysis/squad_profiles.go:98.21,101.4 2 0
levelup/go-api/internal/analysis/squad_profiles.go:104.2,104.40 1 0
levelup/go-api/internal/analysis/squad_profiles.go:104.40,105.13 1 0
levelup/go-api/internal/analysis/squad_profiles.go:105.13,107.4 1 0
levelup/go-api/internal/analysis/squad_profiles.go:108.3,108.46 1 0
levelup/go-api/internal/analysis/squad_profiles.go:111.2,122.3 1 0
levelup/go-api/internal/analysis/squad_profiles.go:135.50,135.86 2 1
levelup/go-api/internal/analysis/squad_profiles.go:136.51,136.88 2 1
levelup/go-api/internal/analysis/squad_profiles.go:137.52,137.90 2 1
levelup/go-api/internal/analysis/squad_profiles.go:138.48,138.64 1 1
levelup/go-api/internal/analysis/squad_profiles.go:139.53,139.74 1 1
levelup/go-api/internal/analysis/squad_profiles.go:145.75,147.33 2 1
levelup/go-api/internal/analysis/squad_profiles.go:147.33,149.3 1 1
levelup/go-api/internal/analysis/squad_profiles.go:150.2,150.20 1 1
levelup/go-api/internal/analysis/squad_profiles.go:150.20,152.3 1 1
levelup/go-api/internal/analysis/squad_profiles.go:153.2,153.33 1 1
levelup/go-api/internal/analysis/squad_profiles.go:153.33,154.28 1 1
levelup/go-api/internal/analysis/squad_profiles.go:154.28,156.16 2 1
levelup/go-api/internal/analysis/squad_profiles.go:156.16,157.13 1 1
levelup/go-api/internal/analysis/squad_profiles.go:159.4,160.18 2 1
levelup/go-api/internal/analysis/squad_profiles.go:160.18,163.13 3 1
levelup/go-api/internal/analysis/squad_profiles.go:165.4,165.28 1 1
levelup/go-api/internal/analysis/squad_profiles.go:165.28,168.5 2 1
levelup/go-api/internal/analysis/squad_profiles.go:168.10,168.36 1 1
levelup/go-api/internal/analysis/squad_profiles.go:168.36,171.5 2 1
levelup/go-api/internal/analysis/squad_profiles.go:174.2,174.15 1 1
levelup/go-api/internal/analysis/squad_profiles.go:178.81,185.54 2 1
levelup/go-api/internal/analysis/squad_profiles.go:185.54,185.90 2 0
levelup/go-api/internal/analysis/squad_profiles.go:186.55,186.92 2 0
levelup/go-api/internal/analysis/squad_profiles.go:187.56,187.94 2 0
levelup/go-api/internal/analysis/squad_profiles.go:188.52,188.70 1 0
levelup/go-api/internal/analysis/squad_profiles.go:189.57,189.78 1 0
levelup/go-api/internal/analysis/squad_profiles.go:191.2,192.28 2 1
levelup/go-api/internal/analysis/squad_profiles.go:192.28,194.3 1 1
levelup/go-api/internal/analysis/squad_profiles.go:195.2,195.28 1 1
levelup/go-api/internal/analysis/squad_profiles.go:195.28,196.28 1 1
levelup/go-api/internal/analysis/squad_profiles.go:196.28,198.16 2 0
levelup/go-api/internal/analysis/squad_profiles.go:198.16,199.13 1 0
levelup/go-api/internal/analysis/squad_profiles.go:201.4,202.18 2 0
levelup/go-api/internal/analysis/squad_profiles.go:202.18,205.13 3 0
levelup/go-api/internal/analysis/squad_profiles.go:207.4,207.28 1 0
levelup/go-api/internal/analysis/squad_profiles.go:207.28,210.5 2 0
levelup/go-api/internal/analysis/squad_profiles.go:210.10,210.36 1 0
levelup/go-api/internal/analysis/squad_profiles.go:210.36,213.5 2 0
levelup/go-api/internal/analysis/squad_profiles.go:216.2,216.15 1 1
levelup/go-api/internal/analysis/squad_score.go:26.32,29.27 2 1
levelup/go-api/internal/analysis/squad_score.go:29.27,30.15 1 1
levelup/go-api/internal/analysis/squad_score.go:30.15,32.4 1 1
levelup/go-api/internal/analysis/squad_score.go:34.2,34.21 1 1
levelup/go-api/internal/analysis/squad_score.go:34.21,40.3 1 1
levelup/go-api/internal/analysis/squad_score.go:41.2,42.26 2 1
levelup/go-api/internal/analysis/squad_score.go:42.26,44.3 1 1
levelup/go-api/internal/analysis/squad_score.go:45.2,51.23 4 1
levelup/go-api/internal/analysis/squad_score.go:51.23,53.31 2 1
levelup/go-api/internal/analysis/squad_score.go:53.31,55.4 1 1
levelup/go-api/internal/analysis/squad_score.go:56.3,58.20 3 1
levelup/go-api/internal/analysis/squad_score.go:58.20,60.4 1 1
levelup/go-api/internal/analysis/squad_score.go:64.2,64.24 1 1
levelup/go-api/internal/analysis/squad_score.go:64.24,66.35 2 1
levelup/go-api/internal/analysis/squad_score.go:66.35,67.18 1 1
levelup/go-api/internal/analysis/squad_score.go:67.18,69.5 1 0
levelup/go-api/internal/analysis/squad_score.go:71.3,71.19 1 1
levelup/go-api/internal/analysis/squad_score.go:71.19,74.4 2 1
levelup/go-api/internal/analysis/squad_score.go:78.2,78.25 1 1
levelup/go-api/internal/analysis/squad_score.go:78.25,80.31 2 1
levelup/go-api/internal/analysis/squad_score.go:80.31,82.4 1 1
levelup/go-api/internal/analysis/squad_score.go:83.3,85.31 3 1
levelup/go-api/internal/analysis/squad_score.go:85.31,88.4 2 1
levelup/go-api/internal/analysis/squad_score.go:89.3,92.16 4 1
levelup/go-api/internal/analysis/squad_score.go:92.16,94.4 1 1
levelup/go-api/internal/analysis/squad_score.go:97.2,105.3 4 1
levelup/go-api/internal/analysis/squad_score.go:110.46,111.9 1 1
levelup/go-api/internal/analysis/squad_score.go:112.19,113.13 1 1
levelup/go-api/internal/analysis/squad_score.go:114.19,115.13 1 1
levelup/go-api/internal/analysis/squad_score.go:116.19,117.13 1 1
levelup/go-api/internal/analysis/squad_score.go:118.19,119.13 1 1
levelup/go-api/internal/analysis/squad_score.go:120.19,121.13 1 1
levelup/go-api/internal/analysis/squad_score.go:122.10,123.13 1 1
levelup/go-api/internal/analysis/squad_score.go:131.44,132.12 1 1
levelup/go-api/internal/analysis/squad_score.go:132.12,134.3 1 0
levelup/go-api/internal/analysis/squad_score.go:135.2,135.12 1 1
levelup/go-api/internal/analysis/squad_score.go:135.12,137.3 1 1
levelup/go-api/internal/analysis/squad_score.go:138.2,138.10 1 1
levelup/go-api/internal/analysis/squad_timeseries.go:22.104,23.20 1 1
levelup/go-api/internal/analysis/squad_timeseries.go:23.20,25.3 1 1
levelup/go-api/internal/analysis/squad_timeseries.go:28.2,29.24 2 1
levelup/go-api/internal/analysis/squad_timeseries.go:29.24,31.3 1 0
levelup/go-api/internal/analysis/squad_timeseries.go:34.2,34.43 1 1
levelup/go-api/internal/analysis/squad_timeseries.go:38.85,41.25 2 1
levelup/go-api/internal/analysis/squad_timeseries.go:41.25,42.25 1 1
levelup/go-api/internal/analysis/squad_timeseries.go:42.25,44.9 2 1
levelup/go-api/internal/analysis/squad_timeseries.go:47.2,47.17 1 1
levelup/go-api/internal/analysis/squad_timeseries.go:47.17,49.3 1 1
levelup/go-api/internal/analysis/squad_timeseries.go:51.2,62.25 3 1
levelup/go-api/internal/analysis/squad_timeseries.go:62.25,63.25 1 1
levelup/go-api/internal/analysis/squad_timeseries.go:63.25,64.12 1 0
levelup/go-api/internal/analysis/squad_timeseries.go:66.3,68.10 3 1
levelup/go-api/internal/analysis/squad_timeseries.go:68.10,70.58 2 1
levelup/go-api/internal/analysis/squad_timeseries.go:70.58,72.5 1 1
levelup/go-api/internal/analysis/squad_timeseries.go:73.4,74.24 2 1
levelup/go-api/internal/analysis/squad_timeseries.go:76.3,76.32 1 1
levelup/go-api/internal/analysis/squad_timeseries.go:76.32,79.4 2 1
levelup/go-api/internal/analysis/squad_timeseries.go:80.3,82.37 3 1
levelup/go-api/internal/analysis/squad_timeseries.go:82.37,84.4 1 1
levelup/go-api/internal/analysis/squad_timeseries.go:84.9,84.45 1 1
levelup/go-api/internal/analysis/squad_timeseries.go:84.45,86.4 1 1
levelup/go-api/internal/analysis/squad_timeseries.go:90.2,91.28 2 1
levelup/go-api/internal/analysis/squad_timeseries.go:91.28,93.3 1 1
levelup/go-api/internal/analysis/squad_timeseries.go:94.2,97.25 3 1
levelup/go-api/internal/analysis/squad_timeseries.go:97.25,100.24 3 1
levelup/go-api/internal/analysis/squad_timeseries.go:100.24,103.4 2 1
levelup/go-api/internal/analysis/squad_timeseries.go:104.3,112.16 4 1
levelup/go-api/internal/analysis/squad_timeseries.go:112.16,115.4 2 1
levelup/go-api/internal/analysis/squad_timeseries.go:116.3,116.29 1 1
levelup/go-api/internal/analysis/squad_timeseries.go:118.2,118.15 1 1
levelup/go-api/internal/analysis/squad_timeseries.go:122.98,124.50 1 1
levelup/go-api/internal/analysis/squad_timeseries.go:124.50,126.32 2 1
levelup/go-api/internal/analysis/squad_timeseries.go:126.32,128.4 1 1
levelup/go-api/internal/analysis/squad_timeseries.go:130.2,130.36 1 0
levelup/go-api/internal/analysis/squad_timeseries.go:134.93,146.25 3 1
levelup/go-api/internal/analysis/squad_timeseries.go:146.25,149.23 3 1
levelup/go-api/internal/analysis/squad_timeseries.go:149.23,152.15 2 1
levelup/go-api/internal/analysis/squad_timeseries.go:152.15,154.5 1 0
levelup/go-api/internal/analysis/squad_timeseries.go:155.4,156.34 2 1
levelup/go-api/internal/analysis/squad_timeseries.go:157.9,160.4 2 1
levelup/go-api/internal/analysis/squad_timeseries.go:162.3,163.10 2 1
levelup/go-api/internal/analysis/squad_timeseries.go:163.10,166.4 2 1
levelup/go-api/internal/analysis/squad_timeseries.go:167.3,167.32 1 1
levelup/go-api/internal/analysis/squad_timeseries.go:167.32,170.4 2 0
levelup/go-api/internal/analysis/squad_timeseries.go:171.3,173.37 3 1
levelup/go-api/internal/analysis/squad_timeseries.go:173.37,175.4 1 1
levelup/go-api/internal/analysis/squad_timeseries.go:175.9,175.45 1 1
levelup/go-api/internal/analysis/squad_timeseries.go:175.45,177.4 1 1
levelup/go-api/internal/analysis/squad_timeseries.go:181.2,182.26 2 1
levelup/go-api/internal/analysis/squad_timeseries.go:182.26,184.3 1 1
levelup/go-api/internal/analysis/squad_timeseries.go:185.2,185.42 1 1
levelup/go-api/internal/analysis/squad_timeseries.go:185.42,185.82 1 1
levelup/go-api/internal/analysis/squad_timeseries.go:187.2,188.28 2 1
levelup/go-api/internal/analysis/squad_timeseries.go:188.28,191.24 3 1
levelup/go-api/internal/analysis/squad_timeseries.go:191.24,194.4 2 0
levelup/go-api/internal/analysis/squad_timeseries.go:195.3,203.16 4 1
levelup/go-api/internal/analysis/squad_timeseries.go:203.16,206.4 2 1
levelup/go-api/internal/analysis/squad_timeseries.go:207.3,207.29 1 1
levelup/go-api/internal/analysis/squad_timeseries.go:209.2,209.15 1 1
levelup/go-api/internal/analysis/weapon_correlation.go:43.21,47.44 3 1
levelup/go-api/internal/analysis/weapon_correlation.go:47.44,49.3 1 0
levelup/go-api/internal/analysis/weapon_correlation.go:52.2,54.46 3 1
levelup/go-api/internal/analysis/weapon_correlation.go:54.46,56.3 1 0
levelup/go-api/internal/analysis/weapon_correlation.go:58.2,60.35 2 1
levelup/go-api/internal/analysis/weapon_correlation.go:60.35,63.19 2 1
levelup/go-api/internal/analysis/weapon_correlation.go:63.19,65.4 1 1
levelup/go-api/internal/analysis/weapon_correlation.go:65.9,65.28 1 1
levelup/go-api/internal/analysis/weapon_correlation.go:65.28,67.4 1 1
levelup/go-api/internal/analysis/weapon_correlation.go:67.9,73.33 5 1
levelup/go-api/internal/analysis/weapon_correlation.go:73.33,74.51 1 1
levelup/go-api/internal/analysis/weapon_correlation.go:74.51,75.14 1 0
levelup/go-api/internal/analysis/weapon_correlation.go:77.5,77.38 1 1
levelup/go-api/internal/analysis/weapon_correlation.go:77.38,78.11 1 0
levelup/go-api/internal/analysis/weapon_correlation.go:80.5,80.44 1 1
levelup/go-api/internal/analysis/weapon_correlation.go:80.44,81.14 1 0
levelup/go-api/internal/analysis/weapon_correlation.go:83.5,83.61 1 1
levelup/go-api/internal/analysis/weapon_correlation.go:83.61,86.6 2 1
levelup/go-api/internal/analysis/weapon_correlation.go:89.4,89.20 1 1
levelup/go-api/internal/analysis/weapon_correlation.go:89.20,93.5 2 1
levelup/go-api/internal/analysis/weapon_correlation.go:93.10,96.14 2 1
levelup/go-api/internal/analysis/weapon_correlation.go:96.14,98.6 1 1
levelup/go-api/internal/analysis/weapon_correlation.go:99.5,99.100 1 1
levelup/go-api/internal/analysis/weapon_correlation.go:103.3,103.34 1 1
levelup/go-api/internal/analysis/weapon_correlation.go:106.2,106.16 1 1
levelup/go-api/internal/analysis/weapon_correlation.go:109.79,119.2 2 1
levelup/go-api/internal/analysis/weapon_correlation.go:128.19,130.49 2 1
levelup/go-api/internal/analysis/weapon_correlation.go:130.49,132.54 2 0
levelup/go-api/internal/analysis/weapon_correlation.go:132.54,133.53 1 0
levelup/go-api/internal/analysis/weapon_correlation.go:133.53,134.51 1 0
levelup/go-api/internal/analysis/weapon_correlation.go:134.51,138.6 3 0
levelup/go-api/internal/analysis/weapon_correlation.go:142.2,142.9 1 1
levelup/go-api/internal/analysis/weapon_correlation.go:142.9,145.3 1 1
levelup/go-api/internal/analysis/weapon_correlation.go:147.2,165.3 6 1
levelup/go-api/internal/analysis/weapon_correlation.go:177.19,182.38 4 1
levelup/go-api/internal/analysis/weapon_correlation.go:182.38,184.43 2 1
levelup/go-api/internal/analysis/weapon_correlation.go:184.43,186.4 1 0
levelup/go-api/internal/analysis/weapon_correlation.go:189.3,189.24 1 1
levelup/go-api/internal/analysis/weapon_correlation.go:189.24,190.55 1 0
levelup/go-api/internal/analysis/weapon_correlation.go:190.55,191.42 1 0
levelup/go-api/internal/analysis/weapon_correlation.go:191.42,192.52 1 0
levelup/go-api/internal/analysis/weapon_correlation.go:192.52,195.7 2 0
levelup/go-api/internal/analysis/weapon_correlation.go:201.3,201.20 1 1
levelup/go-api/internal/analysis/weapon_correlation.go:201.20,202.56 1 1
levelup/go-api/internal/analysis/weapon_correlation.go:202.56,203.49 1 1
levelup/go-api/internal/analysis/weapon_correlation.go:203.49,204.60 1 1
levelup/go-api/internal/analysis/weapon_correlation.go:204.60,206.7 1 0
levelup/go-api/internal/analysis/weapon_correlation.go:206.12,209.7 2 1
levelup/go-api/internal/analysis/weapon_correlation.go:210.6,210.101 1 1
levelup/go-api/internal/analysis/weapon_correlation.go:216.2,217.9 2 1
levelup/go-api/internal/analysis/weapon_correlation.go:218.30,219.18 1 1
levelup/go-api/internal/analysis/weapon_correlation.go:220.21,221.15 1 0
levelup/go-api/internal/analysis/weapon_correlation.go:222.10,223.16 1 1
levelup/go-api/internal/analysis/weapon_correlation.go:226.2,227.12 2 1
levelup/go-api/internal/analysis/weapon_correlation.go:227.12,229.3 1 1
levelup/go-api/internal/analysis/weapon_correlation.go:231.2,240.3 1 1
levelup/go-api/internal/analysis/weapon_data.go:30.36,30.76 1 1
levelup/go-api/internal/analysis/weapon_data.go:57.13,115.28 9 1
levelup/go-api/internal/analysis/weapon_data.go:115.28,123.3 7 1
levelup/go-api/internal/analysis/weapon_data.go:127.26,129.25 2 1
levelup/go-api/internal/analysis/weapon_data.go:129.25,131.3 1 1
levelup/go-api/internal/analysis/weapon_data.go:132.2,132.10 1 1
levelup/go-api/internal/analysis/weapon_data.go:135.32,137.2 1 1
levelup/go-api/internal/analysis/weapon_data.go:139.29,140.9 1 1
levelup/go-api/internal/analysis/weapon_data.go:141.28,142.17 1 1
levelup/go-api/internal/analysis/weapon_data.go:143.28,144.22 1 1
levelup/go-api/internal/analysis/weapon_data.go:145.28,146.22 1 0
levelup/go-api/internal/analysis/weapon_data.go:148.2,148.10 1 0
levelup/go-api/internal/analysis/weapon_data.go:207.13,209.42 2 1
levelup/go-api/internal/analysis/weapon_data.go:209.42,210.41 1 1
levelup/go-api/internal/analysis/weapon_data.go:210.41,212.4 1 1
levelup/go-api/internal/analysis/weapon_data.go:217.46,218.45 1 1
levelup/go-api/internal/analysis/weapon_data.go:218.45,220.3 1 0
levelup/go-api/internal/analysis/weapon_data.go:221.2,221.22 1 1
levelup/go-api/internal/analysis/weapon_data.go:244.13,246.46 2 1
levelup/go-api/internal/analysis/weapon_data.go:246.46,249.17 3 1
levelup/go-api/internal/analysis/weapon_data.go:249.17,251.4 1 1
levelup/go-api/internal/analysis/weapon_data.go:279.13,281.32 2 1
levelup/go-api/internal/analysis/weapon_data.go:281.32,285.3 3 1
levelup/go-api/internal/analysis/weapon_parser.go:31.74,34.2 2 1
levelup/go-api/internal/analysis/weapon_parser.go:37.84,40.25 3 1
levelup/go-api/internal/analysis/weapon_parser.go:40.25,41.36 1 0
levelup/go-api/internal/analysis/weapon_parser.go:41.36,43.4 1 0
levelup/go-api/internal/analysis/weapon_parser.go:45.2,45.17 1 1
levelup/go-api/internal/analysis/weapon_parser.go:65.78,68.26 2 1
levelup/go-api/internal/analysis/weapon_parser.go:68.26,70.3 1 1
levelup/go-api/internal/analysis/weapon_parser.go:71.2,80.30 3 1
levelup/go-api/internal/analysis/weapon_parser.go:80.30,87.32 5 1
levelup/go-api/internal/analysis/weapon_parser.go:87.32,89.41 2 0
levelup/go-api/internal/analysis/weapon_parser.go:89.41,91.5 1 0
levelup/go-api/internal/analysis/weapon_parser.go:92.4,92.53 1 0
levelup/go-api/internal/analysis/weapon_parser.go:94.3,96.36 3 1
levelup/go-api/internal/analysis/weapon_parser.go:96.36,97.21 1 0
levelup/go-api/internal/analysis/weapon_parser.go:97.21,99.5 1 0
levelup/go-api/internal/analysis/weapon_parser.go:101.3,110.31 5 1
levelup/go-api/internal/analysis/weapon_parser.go:110.31,112.4 1 0
levelup/go-api/internal/analysis/weapon_parser.go:113.3,113.31 1 1
levelup/go-api/internal/analysis/weapon_parser.go:116.2,116.20 1 1
levelup/go-api/internal/analysis/weapon_parser.go:120.77,121.35 1 1
levelup/go-api/internal/analysis/weapon_parser.go:121.35,122.75 1 1
levelup/go-api/internal/analysis/weapon_parser.go:122.75,124.4 1 1
levelup/go-api/internal/analysis/weapon_parser.go:126.2,126.27 1 1
levelup/go-api/internal/analysis/weapon_parser.go:126.27,128.3 1 1
levelup/go-api/internal/analysis/weapon_parser.go:129.2,129.10 1 1
levelup/go-api/internal/analysis/weapon_parser.go:137.61,139.24 2 1
levelup/go-api/internal/analysis/weapon_parser.go:139.24,141.3 1 1
levelup/go-api/internal/analysis/weapon_parser.go:142.2,142.28 1 1
levelup/go-api/internal/analysis/weapon_parser.go:142.28,144.3 1 0
levelup/go-api/internal/analysis/weapon_parser.go:145.2,145.14 1 1
levelup/go-api/internal/analysis/weapon_parser.go:153.72,155.33 2 1
levelup/go-api/internal/analysis/weapon_parser.go:155.33,157.17 2 1
levelup/go-api/internal/analysis/weapon_parser.go:157.17,159.4 1 1
levelup/go-api/internal/analysis/weapon_parser.go:161.2,161.15 1 1
levelup/go-api/internal/analysis/weapon_reconciliation.go:13.21,17.23 3 1
levelup/go-api/internal/analysis/weapon_reconciliation.go:17.23,19.3 1 1
levelup/go-api/internal/analysis/weapon_reconciliation.go:21.2,24.25 3 0
levelup/go-api/internal/analysis/weapon_reconciliation.go:24.25,26.54 2 0
levelup/go-api/internal/analysis/weapon_reconciliation.go:26.54,27.12 1 0
levelup/go-api/internal/analysis/weapon_reconciliation.go:29.3,29.52 1 0
levelup/go-api/internal/analysis/weapon_reconciliation.go:29.52,30.12 1 0
levelup/go-api/internal/analysis/weapon_reconciliation.go:32.3,32.34 1 0
levelup/go-api/internal/analysis/weapon_reconciliation.go:32.34,33.12 1 0
levelup/go-api/internal/analysis/weapon_reconciliation.go:36.3,37.21 2 0
levelup/go-api/internal/analysis/weapon_reconciliation.go:37.21,38.9 1 0
levelup/go-api/internal/analysis/weapon_reconciliation.go:41.3,43.29 3 0
levelup/go-api/internal/analysis/weapon_reconciliation.go:43.29,45.4 1 0
levelup/go-api/internal/analysis/weapon_reconciliation.go:48.2,48.16 1 0
levelup/go-api/internal/analysis/weapon_reconciliation.go:55.21,59.25 3 1
levelup/go-api/internal/analysis/weapon_reconciliation.go:59.25,62.68 3 0
levelup/go-api/internal/analysis/weapon_reconciliation.go:62.68,64.4 1 0
levelup/go-api/internal/analysis/weapon_reconciliation.go:67.2,67.16 1 1
levelup/go-api/internal/analysis/weapon_reconciliation.go:71.80,73.33 2 1
levelup/go-api/internal/analysis/weapon_reconciliation.go:73.33,74.80 1 1
levelup/go-api/internal/analysis/weapon_reconciliation.go:74.80,76.4 1 1
levelup/go-api/internal/analysis/weapon_reconciliation.go:78.2,78.15 1 1
levelup/go-api/internal/analysis/weapon_reconciliation.go:82.89,84.35 2 1
levelup/go-api/internal/analysis/weapon_reconciliation.go:84.35,85.23 1 1
levelup/go-api/internal/analysis/weapon_reconciliation.go:85.23,86.12 1 0
levelup/go-api/internal/analysis/weapon_reconciliation.go:88.3,90.15 3 1
levelup/go-api/internal/analysis/weapon_reconciliation.go:90.15,92.4 1 1
levelup/go-api/internal/analysis/weapon_reconciliation.go:94.2,94.16 1 1
levelup/go-api/internal/analysis/weapon_reconciliation.go:98.54,99.23 1 1
levelup/go-api/internal/analysis/weapon_reconciliation.go:99.23,101.3 1 1
levelup/go-api/internal/analysis/weapon_reconciliation.go:102.2,104.34 3 1
levelup/go-api/internal/analysis/weapon_reconciliation.go:104.34,105.24 1 1
levelup/go-api/internal/analysis/weapon_reconciliation.go:105.24,108.4 2 1
levelup/go-api/internal/analysis/weapon_reconciliation.go:110.2,110.17 1 1
levelup/go-api/internal/analysis/weapon_reconciliation.go:114.25,115.12 1 1
levelup/go-api/internal/analysis/weapon_reconciliation.go:115.12,117.3 1 1
levelup/go-api/internal/analysis/weapon_reconciliation.go:118.2,119.9 2 1
levelup/go-api/internal/analysis/weapon_reconciliation.go:119.9,121.3 1 1
levelup/go-api/internal/analysis/weapon_reconciliation.go:122.2,124.12 3 1
levelup/go-api/internal/analysis/weapon_reconciliation.go:124.12,128.3 3 1
levelup/go-api/internal/analysis/weapon_reconciliation.go:129.2,129.9 1 1
levelup/go-api/internal/analysis/weapon_reconciliation.go:129.9,132.3 2 1
levelup/go-api/internal/analysis/weapon_reconciliation.go:133.2,133.26 1 1
levelup/go-api/internal/analysis/weapon_scanner.go:72.44,74.18 2 1
levelup/go-api/internal/analysis/weapon_scanner.go:74.18,76.14 2 1
levelup/go-api/internal/analysis/weapon_scanner.go:76.14,77.9 1 1
levelup/go-api/internal/analysis/weapon_scanner.go:79.3,80.17 2 0
levelup/go-api/internal/analysis/weapon_scanner.go:82.2,82.18 1 1
levelup/go-api/internal/analysis/weapon_scanner.go:86.81,90.17 4 1
levelup/go-api/internal/analysis/weapon_scanner.go:90.17,92.3 1 0
levelup/go-api/internal/analysis/weapon_scanner.go:92.8,94.3 1 1
levelup/go-api/internal/analysis/weapon_scanner.go:95.2,95.35 1 1
levelup/go-api/internal/analysis/weapon_scanner.go:95.35,98.16 3 1
levelup/go-api/internal/analysis/weapon_scanner.go:98.16,100.30 2 0
levelup/go-api/internal/analysis/weapon_scanner.go:100.30,103.5 2 0
levelup/go-api/internal/analysis/weapon_scanner.go:103.10,105.5 1 0
levelup/go-api/internal/analysis/weapon_scanner.go:107.3,107.57 1 1
levelup/go-api/internal/analysis/weapon_scanner.go:116.49,119.6 3 1
levelup/go-api/internal/analysis/weapon_scanner.go:119.6,121.39 2 1
levelup/go-api/internal/analysis/weapon_scanner.go:121.39,122.9 1 1
levelup/go-api/internal/analysis/weapon_scanner.go:124.3,129.22 5 0
levelup/go-api/internal/analysis/weapon_scanner.go:129.22,131.4 1 0
levelup/go-api/internal/analysis/weapon_scanner.go:133.3,134.43 2 0
levelup/go-api/internal/analysis/weapon_scanner.go:134.43,136.15 2 0
levelup/go-api/internal/analysis/weapon_scanner.go:136.15,137.13 1 0
levelup/go-api/internal/analysis/weapon_scanner.go:139.4,141.23 3 0
levelup/go-api/internal/analysis/weapon_scanner.go:141.23,142.13 1 0
levelup/go-api/internal/analysis/weapon_scanner.go:144.4,144.36 1 0
levelup/go-api/internal/analysis/weapon_scanner.go:144.36,147.28 3 0
levelup/go-api/internal/analysis/weapon_scanner.go:147.28,148.14 1 0
levelup/go-api/internal/analysis/weapon_scanner.go:151.4,151.36 1 0
levelup/go-api/internal/analysis/weapon_scanner.go:151.36,153.5 1 0
levelup/go-api/internal/analysis/weapon_scanner.go:155.3,155.18 1 0
levelup/go-api/internal/analysis/weapon_scanner.go:155.18,157.21 2 0
levelup/go-api/internal/analysis/weapon_scanner.go:157.21,165.5 3 0
levelup/go-api/internal/analysis/weapon_scanner.go:167.3,167.19 1 0
levelup/go-api/internal/analysis/weapon_scanner.go:169.2,169.16 1 1
levelup/go-api/internal/analysis/weapon_scanner.go:173.51,174.19 1 1
levelup/go-api/internal/analysis/weapon_scanner.go:174.19,176.3 1 1
levelup/go-api/internal/analysis/weapon_scanner.go:178.2,179.35 2 0
levelup/go-api/internal/analysis/weapon_scanner.go:179.35,181.3 1 0
levelup/go-api/internal/analysis/weapon_scanner.go:183.2,184.33 2 0
levelup/go-api/internal/analysis/weapon_scanner.go:184.33,185.19 1 0
levelup/go-api/internal/analysis/weapon_scanner.go:185.19,186.12 1 0
levelup/go-api/internal/analysis/weapon_scanner.go:188.3,189.7 2 0
levelup/go-api/internal/analysis/weapon_scanner.go:189.7,191.13 2 0
levelup/go-api/internal/analysis/weapon_scanner.go:191.13,192.10 1 0
levelup/go-api/internal/analysis/weapon_scanner.go:194.4,195.39 2 0
levelup/go-api/internal/analysis/weapon_scanner.go:195.39,202.5 2 0
levelup/go-api/internal/analysis/weapon_scanner.go:203.4,203.18 1 0
levelup/go-api/internal/analysis/weapon_scanner.go:207.2,207.42 1 0
levelup/go-api/internal/analysis/weapon_scanner.go:207.42,207.90 1 0
levelup/go-api/internal/analysis/weapon_scanner.go:208.2,208.16 1 0
levelup/go-api/internal/analysis/weapon_scanner.go:217.78,222.87 3 1
levelup/go-api/internal/analysis/weapon_scanner.go:222.87,223.35 1 0
levelup/go-api/internal/analysis/weapon_scanner.go:223.35,224.12 1 0
levelup/go-api/internal/analysis/weapon_scanner.go:227.3,231.33 4 0
levelup/go-api/internal/analysis/weapon_scanner.go:231.33,232.12 1 0
levelup/go-api/internal/analysis/weapon_scanner.go:235.3,239.75 4 0
levelup/go-api/internal/analysis/weapon_scanner.go:239.75,240.12 1 0
levelup/go-api/internal/analysis/weapon_scanner.go:243.3,245.33 3 0
levelup/go-api/internal/analysis/weapon_scanner.go:245.33,247.4 1 0
levelup/go-api/internal/analysis/weapon_scanner.go:248.3,249.33 2 0
levelup/go-api/internal/analysis/weapon_scanner.go:249.33,251.4 1 0
levelup/go-api/internal/analysis/weapon_scanner.go:253.3,254.23 2 0
levelup/go-api/internal/analysis/weapon_scanner.go:254.23,256.4 1 0
levelup/go-api/internal/analysis/weapon_scanner.go:258.3,261.32 4 0
levelup/go-api/internal/analysis/weapon_scanner.go:261.32,267.4 5 0
levelup/go-api/internal/analysis/weapon_scanner.go:269.3,281.5 1 0
levelup/go-api/internal/analysis/weapon_scanner.go:285.2,285.41 1 1
levelup/go-api/internal/analysis/weapon_scanner.go:285.41,285.89 1 0
levelup/go-api/internal/analysis/weapon_scanner.go:286.2,288.28 3 1
levelup/go-api/internal/analysis/weapon_scanner.go:288.28,289.44 1 0
levelup/go-api/internal/analysis/weapon_scanner.go:289.44,292.4 2 0
levelup/go-api/internal/analysis/weapon_scanner.go:296.2,296.42 1 1
levelup/go-api/internal/analysis/weapon_scanner.go:296.42,296.100 1 0
levelup/go-api/internal/analysis/weapon_scanner.go:297.2,297.16 1 1
levelup/go-api/internal/analysis/weapon_scanner.go:305.50,306.42 1 1
levelup/go-api/internal/analysis/weapon_scanner.go:306.42,311.27 5 1
levelup/go-api/internal/analysis/weapon_scanner.go:311.27,313.4 1 1
levelup/go-api/internal/analysis/weapon_scanner.go:315.2,315.13 1 0
levelup/go-api/internal/analysis/weapon_scanner.go:319.56,321.25 2 1
levelup/go-api/internal/analysis/weapon_scanner.go:321.25,326.3 4 1
levelup/go-api/internal/analysis/weapon_scanner.go:327.2,327.15 1 1
levelup/go-api/internal/analysis/weapon_scanner.go:331.54,333.25 2 1
levelup/go-api/internal/analysis/weapon_scanner.go:333.25,338.3 4 1
levelup/go-api/internal/analysis/weapon_scanner.go:339.2,339.15 1 1
levelup/go-api/internal/analysis/weapon_scanner.go:343.49,345.2 1 1
levelup/go-api/cmd/msal-poc/main.go:39.13,41.20 2 0
levelup/go-api/cmd/msal-poc/main.go:41.20,43.3 1 0
levelup/go-api/cmd/msal-poc/main.go:45.2,52.16 6 0
levelup/go-api/cmd/msal-poc/main.go:52.16,55.3 2 0
levelup/go-api/cmd/msal-poc/main.go:56.2,63.16 5 0
levelup/go-api/cmd/msal-poc/main.go:63.16,66.3 2 0
levelup/go-api/cmd/msal-poc/main.go:69.2,83.50 13 0
levelup/go-api/cmd/server/main.go:41.13,43.56 1 0
levelup/go-api/cmd/server/main.go:43.56,45.52 2 0
levelup/go-api/cmd/server/main.go:45.52,47.18 2 0
levelup/go-api/cmd/server/main.go:47.18,49.5 1 0
levelup/go-api/cmd/server/main.go:50.4,50.27 1 0
levelup/go-api/cmd/server/main.go:52.3,54.17 3 0
levelup/go-api/cmd/server/main.go:54.17,57.4 1 0
levelup/go-api/cmd/server/main.go:58.3,58.17 1 0
levelup/go-api/cmd/server/main.go:58.17,61.4 2 0
levelup/go-api/cmd/server/main.go:62.3,63.39 2 0
levelup/go-api/cmd/server/main.go:63.39,66.4 2 0
levelup/go-api/cmd/server/main.go:67.3,67.13 1 0
levelup/go-api/cmd/server/main.go:72.2,74.13 3 0
levelup/go-api/cmd/server/main.go:74.13,76.3 1 0
levelup/go-api/cmd/server/main.go:76.8,78.3 1 0
levelup/go-api/cmd/server/main.go:79.2,83.16 3 0
levelup/go-api/cmd/server/main.go:83.16,86.3 2 0
levelup/go-api/cmd/server/main.go:88.2,88.49 1 0
levelup/go-api/cmd/server/main.go:88.49,90.3 1 0
levelup/go-api/cmd/server/main.go:91.2,103.18 4 0
levelup/go-api/cmd/server/main.go:103.18,108.32 2 0
levelup/go-api/cmd/server/main.go:108.32,109.55 1 0
levelup/go-api/cmd/server/main.go:109.55,111.46 2 0
levelup/go-api/cmd/server/main.go:111.46,114.6 2 0
levelup/go-api/cmd/server/main.go:119.2,122.65 2 0
levelup/go-api/cmd/server/main.go:122.65,125.3 2 0
levelup/go-api/cmd/server/main.go:126.2,129.16 3 0
levelup/go-api/cmd/server/main.go:129.16,132.3 2 0
levelup/go-api/cmd/server/main.go:133.2,134.16 2 0
levelup/go-api/cmd/server/main.go:134.16,137.3 2 0
levelup/go-api/cmd/server/main.go:138.2,146.52 5 0
levelup/go-api/cmd/server/main.go:146.52,149.3 2 0
levelup/go-api/cmd/server/main.go:150.2,153.16 3 0
levelup/go-api/cmd/server/main.go:153.16,155.3 1 0
levelup/go-api/cmd/server/main.go:155.8,157.3 1 0
levelup/go-api/cmd/server/main.go:160.2,174.12 5 0
levelup/go-api/cmd/server/main.go:174.12,176.77 2 0
levelup/go-api/cmd/server/main.go:176.77,179.4 2 0
levelup/go-api/cmd/server/main.go:182.2,188.50 5 0
levelup/go-api/cmd/server/main.go:188.50,190.3 1 0
[...]
levelup/go-api/internal/platform/halo/provider.go:305.109,307.54 2 1
levelup/go-api/internal/platform/halo/provider.go:307.54,308.45 1 1
levelup/go-api/internal/platform/halo/provider.go:308.45,310.4 1 0
levelup/go-api/internal/platform/halo/provider.go:312.3,313.17 2 1
levelup/go-api/internal/platform/halo/provider.go:313.17,315.4 1 0
levelup/go-api/internal/platform/halo/provider.go:316.3,318.34 3 1
levelup/go-api/internal/platform/halo/provider.go:318.34,320.4 1 1
levelup/go-api/internal/platform/halo/provider.go:322.3,323.17 2 1
levelup/go-api/internal/platform/halo/provider.go:323.17,326.12 3 0
levelup/go-api/internal/platform/halo/provider.go:329.3,333.92 3 1
levelup/go-api/internal/platform/halo/provider.go:333.92,335.4 1 1
levelup/go-api/internal/platform/halo/provider.go:337.3,337.83 1 1
levelup/go-api/internal/platform/halo/provider.go:337.83,339.4 1 0
levelup/go-api/internal/platform/halo/provider.go:340.3,340.39 1 1
levelup/go-api/internal/platform/halo/provider.go:340.39,343.12 3 1
levelup/go-api/internal/platform/halo/provider.go:345.3,345.21 1 1
levelup/go-api/internal/platform/halo/provider.go:345.21,348.12 3 0
levelup/go-api/internal/platform/halo/provider.go:350.3,350.19 1 1
levelup/go-api/internal/platform/halo/provider.go:352.2,352.100 1 0
levelup/go-api/internal/platform/halo/provider.go:356.66,358.28 2 1
levelup/go-api/internal/platform/halo/provider.go:358.28,360.3 1 0
levelup/go-api/internal/platform/halo/provider.go:361.2,361.9 1 1
levelup/go-api/internal/platform/halo/provider.go:362.20,362.20 0 0
levelup/go-api/internal/platform/halo/provider.go:363.27,363.27 0 1
levelup/go-api/internal/ops/archive.go:54.65,55.60 1 0
levelup/go-api/internal/ops/archive.go:55.60,57.3 1 0
levelup/go-api/internal/ops/archive.go:59.2,60.16 2 0
levelup/go-api/internal/ops/archive.go:60.16,62.3 1 0
levelup/go-api/internal/ops/archive.go:63.2,71.58 3 0
levelup/go-api/internal/ops/archive.go:71.58,73.3 1 0
levelup/go-api/internal/ops/archive.go:75.2,75.16 1 0
levelup/go-api/internal/ops/archive.go:75.16,81.3 1 0
levelup/go-api/internal/ops/archive.go:83.2,83.17 1 0
levelup/go-api/internal/ops/archive.go:83.17,90.3 1 0
levelup/go-api/internal/ops/archive.go:92.2,93.17 2 0
levelup/go-api/internal/ops/archive.go:93.17,95.17 2 0
levelup/go-api/internal/ops/archive.go:95.17,97.4 1 0
levelup/go-api/internal/ops/archive.go:98.3,98.30 1 0
levelup/go-api/internal/ops/archive.go:98.30,100.76 2 0
levelup/go-api/internal/ops/archive.go:100.76,102.5 1 0
levelup/go-api/internal/ops/archive.go:103.4,103.34 1 0
levelup/go-api/internal/ops/archive.go:105.8,108.85 2 0
levelup/go-api/internal/ops/archive.go:108.85,110.4 1 0
levelup/go-api/internal/ops/archive.go:111.3,111.33 1 0
levelup/go-api/internal/ops/archive.go:115.2,115.105 1 0
levelup/go-api/internal/ops/archive.go:115.105,117.3 1 0
levelup/go-api/internal/ops/archive.go:119.2,119.41 1 0
levelup/go-api/internal/ops/archive.go:119.41,121.17 2 0
levelup/go-api/internal/ops/archive.go:121.17,123.4 1 0
levelup/go-api/internal/ops/archive.go:124.3,125.86 2 0
levelup/go-api/internal/ops/archive.go:125.86,127.4 1 0
levelup/go-api/internal/ops/archive.go:130.2,136.8 1 0
levelup/go-api/internal/ops/archive.go:139.84,147.16 2 1
levelup/go-api/internal/ops/archive.go:147.16,149.3 1 0
levelup/go-api/internal/ops/archive.go:150.2,152.18 3 1
levelup/go-api/internal/ops/archive.go:152.18,154.39 2 0
levelup/go-api/internal/ops/archive.go:154.39,156.4 1 0
levelup/go-api/internal/ops/archive.go:157.3,157.27 1 0
levelup/go-api/internal/ops/archive.go:159.2,159.26 1 1
levelup/go-api/internal/ops/archive.go:162.83,172.2 3 0
levelup/go-api/internal/ops/archive.go:174.90,184.2 3 0
levelup/go-api/internal/ops/archive.go:186.82,195.2 2 0
levelup/go-api/internal/ops/archive.go:205.97,214.16 3 1
levelup/go-api/internal/ops/archive.go:214.16,216.3 1 0
levelup/go-api/internal/ops/archive.go:217.2,217.76 1 1
levelup/go-api/internal/ops/backup.go:53.61,54.32 1 0
levelup/go-api/internal/ops/backup.go:54.32,56.3 1 0
levelup/go-api/internal/ops/backup.go:57.2,57.59 1 0
levelup/go-api/internal/ops/backup.go:57.59,59.3 1 0
levelup/go-api/internal/ops/backup.go:61.2,62.16 2 0
levelup/go-api/internal/ops/backup.go:62.16,64.3 1 0
levelup/go-api/internal/ops/backup.go:65.2,68.16 3 0
levelup/go-api/internal/ops/backup.go:68.16,70.3 1 0
levelup/go-api/internal/ops/backup.go:72.2,75.31 3 0
levelup/go-api/internal/ops/backup.go:75.31,78.17 3 0
levelup/go-api/internal/ops/backup.go:78.17,80.4 1 0
levelup/go-api/internal/ops/backup.go:81.3,83.16 3 0
levelup/go-api/internal/ops/backup.go:83.16,85.4 1 0
levelup/go-api/internal/ops/backup.go:86.3,90.4 1 0
levelup/go-api/internal/ops/backup.go:93.2,101.26 2 0
levelup/go-api/internal/ops/backup.go:101.26,103.78 2 0
levelup/go-api/internal/ops/backup.go:103.78,105.4 1 0
levelup/go-api/internal/ops/backup.go:107.2,107.20 1 0
levelup/go-api/internal/ops/backup.go:111.51,117.16 2 1
levelup/go-api/internal/ops/backup.go:117.16,119.3 1 0
levelup/go-api/internal/ops/backup.go:120.2,122.18 3 1
levelup/go-api/internal/ops/backup.go:122.18,124.42 2 1
levelup/go-api/internal/ops/backup.go:124.42,126.4 1 0
levelup/go-api/internal/ops/backup.go:127.3,127.32 1 1
levelup/go-api/internal/ops/backup.go:129.2,129.27 1 1
levelup/go-api/internal/ops/backup.go:133.99,136.96 2 0
levelup/go-api/internal/ops/backup.go:136.96,138.3 1 0
levelup/go-api/internal/ops/backup.go:140.2,144.38 2 0
levelup/go-api/internal/ops/backup.go:144.38,146.3 1 0
levelup/go-api/internal/ops/backup.go:147.2,147.19 1 0
levelup/go-api/internal/ops/backup.go:160.76,169.16 3 1
levelup/go-api/internal/ops/backup.go:169.16,171.3 1 0
levelup/go-api/internal/ops/backup.go:172.2,172.40 1 1
levelup/go-api/internal/ops/diagnose.go:54.63,56.16 2 1
levelup/go-api/internal/ops/diagnose.go:56.16,58.3 1 1
levelup/go-api/internal/ops/diagnose.go:59.2,63.74 3 1
levelup/go-api/internal/ops/diagnose.go:63.74,65.3 1 0
levelup/go-api/internal/ops/diagnose.go:66.2,66.51 1 1
levelup/go-api/internal/ops/diagnose.go:66.51,68.3 1 0
levelup/go-api/internal/ops/diagnose.go:69.2,69.55 1 1
levelup/go-api/internal/ops/diagnose.go:69.55,71.3 1 0
levelup/go-api/internal/ops/diagnose.go:72.2,72.20 1 1
levelup/go-api/internal/ops/diagnose.go:76.73,82.16 2 1
levelup/go-api/internal/ops/diagnose.go:82.16,84.3 1 0
levelup/go-api/internal/ops/diagnose.go:85.2,87.18 3 1
levelup/go-api/internal/ops/diagnose.go:87.18,89.42 2 1
levelup/go-api/internal/ops/diagnose.go:89.42,91.4 1 0
levelup/go-api/internal/ops/diagnose.go:92.3,92.40 1 1
levelup/go-api/internal/ops/diagnose.go:94.2,94.35 1 1
levelup/go-api/internal/ops/diagnose.go:94.35,96.3 1 0
levelup/go-api/internal/ops/diagnose.go:98.2,99.34 2 1
levelup/go-api/internal/ops/diagnose.go:99.34,101.17 2 1
levelup/go-api/internal/ops/diagnose.go:101.17,103.4 1 0
levelup/go-api/internal/ops/diagnose.go:104.3,104.30 1 1
levelup/go-api/internal/ops/diagnose.go:106.2,106.20 1 1
levelup/go-api/internal/ops/diagnose.go:110.82,119.16 3 1
levelup/go-api/internal/ops/diagnose.go:119.16,121.3 1 0
levelup/go-api/internal/ops/diagnose.go:122.2,123.18 2 1
levelup/go-api/internal/ops/diagnose.go:123.18,126.72 3 1
levelup/go-api/internal/ops/diagnose.go:126.72,128.4 1 0
levelup/go-api/internal/ops/diagnose.go:129.3,130.39 2 1
levelup/go-api/internal/ops/diagnose.go:132.2,132.35 1 1
levelup/go-api/internal/ops/diagnose.go:132.35,134.3 1 0
levelup/go-api/internal/ops/diagnose.go:136.2,136.15 1 1
levelup/go-api/internal/ops/diagnose.go:136.15,137.102 1 1
levelup/go-api/internal/ops/diagnose.go:137.102,139.4 1 0
levelup/go-api/internal/ops/diagnose.go:141.2,141.16 1 1
levelup/go-api/internal/ops/diagnose.go:145.46,151.16 2 1
levelup/go-api/internal/ops/diagnose.go:151.16,153.3 1 0
levelup/go-api/internal/ops/diagnose.go:154.2,156.18 3 1
levelup/go-api/internal/ops/diagnose.go:156.18,158.42 2 1
levelup/go-api/internal/ops/diagnose.go:158.42,160.4 1 0
levelup/go-api/internal/ops/diagnose.go:161.3,161.30 1 1
levelup/go-api/internal/ops/diagnose.go:163.2,163.26 1 1
levelup/go-api/internal/ops/diagnose.go:167.51,173.16 2 1
levelup/go-api/internal/ops/diagnose.go:173.16,176.3 1 1
levelup/go-api/internal/ops/diagnose.go:177.2,179.18 3 0
levelup/go-api/internal/ops/diagnose.go:179.18,181.62 2 0
levelup/go-api/internal/ops/diagnose.go:181.62,182.12 1 0
levelup/go-api/internal/ops/diagnose.go:184.3,184.27 1 0
levelup/go-api/internal/ops/diagnose.go:186.2,186.18 1 0
levelup/go-api/internal/ops/diagnose.go:190.52,194.29 4 1
levelup/go-api/internal/ops/diagnose.go:194.29,196.22 2 1
levelup/go-api/internal/ops/diagnose.go:196.22,198.4 1 1
levelup/go-api/internal/ops/diagnose.go:199.3,199.21 1 1
levelup/go-api/internal/ops/diagnose.go:201.2,203.20 3 1
levelup/go-api/internal/ops/healthcheck.go:52.59,69.74 6 1
levelup/go-api/internal/ops/healthcheck.go:69.74,71.3 1 1
levelup/go-api/internal/ops/healthcheck.go:74.2,77.4 1 1
levelup/go-api/internal/ops/healthcheck.go:77.4,79.3 1 1
levelup/go-api/internal/ops/healthcheck.go:82.2,85.4 1 1
levelup/go-api/internal/ops/healthcheck.go:85.4,87.3 1 1
levelup/go-api/internal/ops/healthcheck.go:90.2,91.44 2 1
levelup/go-api/internal/ops/healthcheck.go:91.44,93.3 1 0
levelup/go-api/internal/ops/healthcheck.go:96.2,97.56 2 1
levelup/go-api/internal/ops/healthcheck.go:97.56,98.29 1 0
levelup/go-api/internal/ops/healthcheck.go:98.29,99.18 1 0
levelup/go-api/internal/ops/healthcheck.go:99.18,100.13 1 0
levelup/go-api/internal/ops/healthcheck.go:102.4,103.68 2 0
levelup/go-api/internal/ops/healthcheck.go:107.2,108.27 2 1
levelup/go-api/internal/ops/healthcheck.go:108.27,109.12 1 1
levelup/go-api/internal/ops/healthcheck.go:109.12,111.9 2 1
levelup/go-api/internal/ops/healthcheck.go:114.2,118.3 1 1
levelup/go-api/internal/ops/healthcheck.go:122.40,124.29 2 1
levelup/go-api/internal/ops/healthcheck.go:124.29,126.12 2 1
levelup/go-api/internal/ops/healthcheck.go:126.12,128.4 1 1
levelup/go-api/internal/ops/healthcheck.go:129.3,129.75 1 1
levelup/go-api/internal/ops/healthcheck.go:131.2,132.10 2 1
levelup/go-api/internal/ops/healthcheck.go:132.10,134.3 1 1
levelup/go-api/internal/ops/healthcheck.go:134.8,136.3 1 1
levelup/go-api/internal/ops/healthcheck.go:137.2,137.20 1 1
levelup/go-api/internal/ops/healthcheck.go:144.52,145.41 1 1
levelup/go-api/internal/ops/healthcheck.go:145.41,147.3 1 1
levelup/go-api/internal/ops/healthcheck.go:148.2,148.57 1 1
levelup/go-api/internal/ops/healthcheck.go:151.53,152.41 1 1
levelup/go-api/internal/ops/healthcheck.go:152.41,154.3 1 1
levelup/go-api/internal/ops/healthcheck.go:155.2,155.63 1 1
levelup/go-api/internal/ops/healthcheck.go:159.49,160.41 1 1
levelup/go-api/internal/ops/healthcheck.go:160.41,162.3 1 1
levelup/go-api/internal/ops/healthcheck.go:163.2,164.16 2 1
levelup/go-api/internal/ops/healthcheck.go:164.16,166.3 1 0
levelup/go-api/internal/ops/healthcheck.go:167.2,170.131 3 1
levelup/go-api/internal/ops/healthcheck.go:170.131,172.3 1 0
levelup/go-api/internal/ops/healthcheck.go:173.2,173.84 1 1
levelup/go-api/internal/ops/media.go:61.67,62.28 1 0
levelup/go-api/internal/ops/media.go:62.28,64.3 1 0
levelup/go-api/internal/ops/media.go:66.2,67.16 2 0
levelup/go-api/internal/ops/media.go:67.16,69.3 1 0
levelup/go-api/internal/ops/media.go:70.2,72.46 2 0
levelup/go-api/internal/ops/media.go:72.46,74.3 1 0
levelup/go-api/internal/ops/media.go:76.2,77.16 2 0
levelup/go-api/internal/ops/media.go:77.16,79.3 1 0
levelup/go-api/internal/ops/media.go:81.2,83.16 3 0
levelup/go-api/internal/ops/media.go:83.16,85.3 1 0
levelup/go-api/internal/ops/media.go:86.2,88.34 2 0
levelup/go-api/internal/ops/media.go:88.34,90.17 2 0
levelup/go-api/internal/ops/media.go:90.17,92.12 2 0
levelup/go-api/internal/ops/media.go:94.3,94.39 1 0
levelup/go-api/internal/ops/media.go:94.39,95.12 1 0
levelup/go-api/internal/ops/media.go:97.3,97.57 1 0
levelup/go-api/internal/ops/media.go:97.57,99.12 2 0
levelup/go-api/internal/ops/media.go:101.3,101.20 1 0
levelup/go-api/internal/ops/media.go:105.2,106.16 2 0
levelup/go-api/internal/ops/media.go:106.16,108.3 1 0
levelup/go-api/internal/ops/media.go:108.8,110.3 1 0
levelup/go-api/internal/ops/media.go:112.2,112.20 1 0
levelup/go-api/internal/ops/media.go:117.75,131.16 3 0
levelup/go-api/internal/ops/media.go:131.16,133.3 1 0
levelup/go-api/internal/ops/media.go:134.2,135.20 2 0
levelup/go-api/internal/ops/media.go:145.70,151.16 5 0
levelup/go-api/internal/ops/media.go:151.16,153.3 1 0
levelup/go-api/internal/ops/media.go:155.2,155.28 1 0
levelup/go-api/internal/ops/media.go:155.28,156.16 1 0
levelup/go-api/internal/ops/media.go:156.16,157.12 1 0
levelup/go-api/internal/ops/media.go:159.3,160.42 2 0
levelup/go-api/internal/ops/media.go:160.42,161.12 1 0
levelup/go-api/internal/ops/media.go:163.3,165.47 3 0
levelup/go-api/internal/ops/media.go:165.47,166.12 1 0
levelup/go-api/internal/ops/media.go:168.3,169.63 2 0
levelup/go-api/internal/ops/media.go:169.63,171.12 2 0
levelup/go-api/internal/ops/media.go:173.3,173.14 1 0
levelup/go-api/internal/ops/media.go:175.2,175.24 1 0
levelup/go-api/internal/ops/media.go:179.59,190.2 4 0
levelup/go-api/internal/ops/media.go:196.42,209.16 2 1
levelup/go-api/internal/ops/media.go:209.16,211.3 1 0
levelup/go-api/internal/ops/media.go:212.2,220.12 2 1
levelup/go-api/internal/ops/media.go:223.59,225.16 2 1
levelup/go-api/internal/ops/media.go:225.16,227.3 1 1
levelup/go-api/internal/ops/media.go:228.2,230.18 3 1
levelup/go-api/internal/ops/media.go:230.18,232.39 2 1
levelup/go-api/internal/ops/media.go:232.39,233.12 1 0
levelup/go-api/internal/ops/media.go:235.3,235.18 1 1
levelup/go-api/internal/ops/media.go:237.2,237.26 1 1
levelup/go-api/internal/ops/media.go:240.49,241.48 1 1
levelup/go-api/internal/ops/media.go:241.48,243.3 1 1
levelup/go-api/internal/ops/media.go:244.2,245.81 2 1
levelup/go-api/internal/ops/media.go:245.81,246.17 1 1
levelup/go-api/internal/ops/media.go:246.17,248.4 1 0
levelup/go-api/internal/ops/media.go:250.3,250.19 1 1
levelup/go-api/internal/ops/media.go:250.19,251.31 1 1
levelup/go-api/internal/ops/media.go:251.31,253.5 1 1
levelup/go-api/internal/ops/media.go:254.4,254.14 1 1
levelup/go-api/internal/ops/media.go:256.3,257.44 2 1
levelup/go-api/internal/ops/media.go:257.44,259.4 1 1
levelup/go-api/internal/ops/media.go:260.3,260.13 1 1
levelup/go-api/internal/ops/media.go:262.2,262.19 1 1
levelup/go-api/internal/ops/media.go:265.44,267.16 2 1
levelup/go-api/internal/ops/media.go:267.16,269.3 1 1
levelup/go-api/internal/ops/media.go:270.2,272.41 3 1
levelup/go-api/internal/ops/media.go:272.41,274.3 1 0
levelup/go-api/internal/ops/media.go:275.2,275.48 1 1
levelup/go-api/internal/ops/media.go:278.59,283.15 5 0
levelup/go-api/internal/ops/media.go:283.15,286.3 2 0
levelup/go-api/internal/ops/media.go:287.2,291.12 2 0
levelup/go-api/internal/ops/restore.go:49.64,51.16 2 0
levelup/go-api/internal/ops/restore.go:51.16,53.3 1 0
levelup/go-api/internal/ops/restore.go:54.2,54.28 1 0
levelup/go-api/internal/ops/restore.go:54.28,56.3 1 0
levelup/go-api/internal/ops/restore.go:59.2,59.26 1 0
levelup/go-api/internal/ops/restore.go:59.26,61.33 2 0
levelup/go-api/internal/ops/restore.go:61.33,63.4 1 0
levelup/go-api/internal/ops/restore.go:64.3,65.34 2 0
levelup/go-api/internal/ops/restore.go:65.34,66.15 1 0
levelup/go-api/internal/ops/restore.go:66.15,68.5 1 0
levelup/go-api/internal/ops/restore.go:70.3,70.26 1 0
levelup/go-api/internal/ops/restore.go:73.2,78.17 2 0
levelup/go-api/internal/ops/restore.go:78.17,79.31 1 0
levelup/go-api/internal/ops/restore.go:79.31,81.4 1 0
levelup/go-api/internal/ops/restore.go:82.3,85.21 4 0
levelup/go-api/internal/ops/restore.go:88.2,89.16 2 0
levelup/go-api/internal/ops/restore.go:89.16,91.3 1 0
levelup/go-api/internal/ops/restore.go:92.2,94.44 2 0
levelup/go-api/internal/ops/restore.go:94.44,95.73 1 0
levelup/go-api/internal/ops/restore.go:95.73,97.4 1 0
levelup/go-api/internal/ops/restore.go:98.3,98.59 1 0
levelup/go-api/internal/ops/restore.go:100.2,103.20 4 0
levelup/go-api/internal/ops/restore.go:108.82,110.16 2 1
levelup/go-api/internal/ops/restore.go:110.16,112.3 1 0
levelup/go-api/internal/ops/restore.go:115.2,116.28 2 1
levelup/go-api/internal/ops/restore.go:116.28,117.94 1 1
levelup/go-api/internal/ops/restore.go:117.94,119.21 2 1
levelup/go-api/internal/ops/restore.go:119.21,121.5 1 1
levelup/go-api/internal/ops/restore.go:126.2,126.20 1 1
levelup/go-api/internal/ops/restore.go:126.20,127.29 1 1
levelup/go-api/internal/ops/restore.go:127.29,128.47 1 1
levelup/go-api/internal/ops/restore.go:128.47,130.24 2 1
levelup/go-api/internal/ops/restore.go:130.24,132.23 2 1
levelup/go-api/internal/ops/restore.go:132.23,134.7 1 1
levelup/go-api/internal/ops/restore.go:140.2,140.20 1 1
levelup/go-api/internal/ops/restore.go:140.20,142.3 1 1
levelup/go-api/internal/ops/restore.go:145.2,146.28 2 1
levelup/go-api/internal/ops/restore.go:146.28,148.43 2 1
levelup/go-api/internal/ops/restore.go:148.43,149.12 1 1
levelup/go-api/internal/ops/restore.go:151.3,151.73 1 1
levelup/go-api/internal/ops/restore.go:151.73,152.12 1 0
levelup/go-api/internal/ops/restore.go:154.3,155.49 2 1
levelup/go-api/internal/ops/restore.go:157.2,157.30 1 1
levelup/go-api/internal/ops/restore.go:161.75,162.13 1 1
levelup/go-api/internal/ops/restore.go:162.13,163.83 1 1
levelup/go-api/internal/ops/restore.go:163.83,165.4 1 0
levelup/go-api/internal/ops/restore.go:167.2,171.38 2 1
levelup/go-api/internal/ops/restore.go:171.38,173.3 1 1
levelup/go-api/internal/ops/restore.go:174.2,174.12 1 0
levelup/go-api/internal/ops/restore.go:178.63,180.16 2 1
levelup/go-api/internal/ops/restore.go:180.16,181.25 1 1
levelup/go-api/internal/ops/restore.go:181.25,183.4 1 1
levelup/go-api/internal/ops/restore.go:184.3,184.18 1 0
levelup/go-api/internal/ops/restore.go:186.2,188.28 3 1
levelup/go-api/internal/ops/restore.go:188.28,189.54 1 1
levelup/go-api/internal/ops/restore.go:189.54,191.17 2 1
levelup/go-api/internal/ops/restore.go:191.17,194.5 2 1
levelup/go-api/internal/ops/restore.go:197.2,198.24 2 1
levelup/go-api/internal/ops/restore.go:202.71,205.16 3 1
levelup/go-api/internal/ops/restore.go:205.16,207.3 1 1
levelup/go-api/internal/ops/restore.go:208.2,209.42 2 1
levelup/go-api/internal/ops/seed.go:53.60,56.16 3 1
levelup/go-api/internal/ops/seed.go:56.16,58.3 1 1
levelup/go-api/internal/ops/seed.go:59.2,60.53 2 1
levelup/go-api/internal/ops/seed.go:60.53,62.3 1 1
levelup/go-api/internal/ops/seed.go:64.2,65.16 2 1
levelup/go-api/internal/ops/seed.go:65.16,67.3 1 0
levelup/go-api/internal/ops/seed.go:68.2,75.18 2 1
levelup/go-api/internal/ops/seed.go:75.18,77.3 1 0
levelup/go-api/internal/ops/seed.go:79.2,80.26 2 1
levelup/go-api/internal/ops/seed.go:80.26,83.17 2 1
levelup/go-api/internal/ops/seed.go:83.17,85.4 1 0
levelup/go-api/internal/ops/seed.go:86.3,86.41 1 1
levelup/go-api/internal/ops/seed.go:86.41,88.4 1 1
levelup/go-api/internal/ops/seed.go:88.9,90.4 1 1
levelup/go-api/internal/ops/seed.go:92.2,97.8 1 1
levelup/go-api/internal/ops/seed.go:114.65,116.16 2 1
levelup/go-api/internal/ops/seed.go:116.16,118.3 1 0
levelup/go-api/internal/ops/seed.go:119.2,127.18 2 1
levelup/go-api/internal/ops/seed.go:127.18,129.3 1 0
levelup/go-api/internal/ops/seed.go:131.2,133.29 3 1
levelup/go-api/internal/ops/seed.go:133.29,134.38 1 1
levelup/go-api/internal/ops/seed.go:134.38,137.18 2 1
levelup/go-api/internal/ops/seed.go:137.18,139.5 1 0
levelup/go-api/internal/ops/seed.go:140.4,140.42 1 1
levelup/go-api/internal/ops/seed.go:140.42,142.5 1 1
levelup/go-api/internal/ops/seed.go:142.10,144.5 1 1
levelup/go-api/internal/ops/seed.go:147.2,152.8 1 1
levelup/go-api/internal/ops/seed.go:157.50,183.2 1 1
levelup/go-api/internal/ops/seed.go:192.65,194.16 2 1
levelup/go-api/internal/ops/seed.go:194.16,196.3 1 0
levelup/go-api/internal/ops/seed.go:197.2,200.152 3 1
levelup/go-api/internal/ops/seed.go:200.152,205.3 1 1
levelup/go-api/internal/ops/seed.go:206.2,206.91 1 1
levelup/go-api/internal/ops/seed.go:206.91,208.3 1 0
levelup/go-api/internal/ops/seed.go:209.2,213.8 1 1
